2018-05-05 05:08:21.850797: I tensorflow/core/platform/cpu_feature_guard.cc:137] Your CPU supports instructions that this TensorFlow binary was not compiled to use: SSE4.1 SSE4.2 AVX AVX2 FMA
2018-05-05 05:08:22.216099: I tensorflow/core/common_runtime/gpu/gpu_device.cc:1105] Found device 0 with properties: 
name: GeForce GTX 980 major: 5 minor: 2 memoryClockRate(GHz): 1.2155
pciBusID: 0000:01:00.0
totalMemory: 3.94GiB freeMemory: 3.76GiB
2018-05-05 05:08:22.216143: I tensorflow/core/common_runtime/gpu/gpu_device.cc:1195] Creating TensorFlow device (/device:GPU:0) -> (device: 0, name: GeForce GTX 980, pci bus id: 0000:01:00.0, compute capability: 5.2)
Epoch 1/5

  1/937 [..............................] - ETA: 29:09 - loss: 2.2965 - acc: 0.1094
  5/937 [..............................] - ETA: 5:58 - loss: 2.2832 - acc: 0.1219 
  9/937 [..............................] - ETA: 3:23 - loss: 2.2348 - acc: 0.1979
 13/937 [..............................] - ETA: 2:24 - loss: 2.1165 - acc: 0.2752
 17/937 [..............................] - ETA: 1:52 - loss: 1.9694 - acc: 0.3318
 21/937 [..............................] - ETA: 1:32 - loss: 1.8058 - acc: 0.3884
 25/937 [..............................] - ETA: 1:19 - loss: 1.6797 - acc: 0.4356
 28/937 [..............................] - ETA: 1:12 - loss: 1.5770 - acc: 0.4699
 32/937 [>.............................] - ETA: 1:05 - loss: 1.4728 - acc: 0.5078
 36/937 [>.............................] - ETA: 59s - loss: 1.3971 - acc: 0.5352 
 40/937 [>.............................] - ETA: 54s - loss: 1.3140 - acc: 0.5672
 44/937 [>.............................] - ETA: 50s - loss: 1.2431 - acc: 0.5913
 48/937 [>.............................] - ETA: 47s - loss: 1.1820 - acc: 0.6146
 52/937 [>.............................] - ETA: 44s - loss: 1.1316 - acc: 0.6322
 56/937 [>.............................] - ETA: 42s - loss: 1.0760 - acc: 0.6515
 60/937 [>.............................] - ETA: 40s - loss: 1.0366 - acc: 0.6651
 64/937 [=>............................] - ETA: 38s - loss: 1.0029 - acc: 0.6760
 68/937 [=>............................] - ETA: 36s - loss: 0.9756 - acc: 0.6841
 72/937 [=>............................] - ETA: 35s - loss: 0.9453 - acc: 0.6949
 76/937 [=>............................] - ETA: 33s - loss: 0.9174 - acc: 0.7035
 79/937 [=>............................] - ETA: 32s - loss: 0.8977 - acc: 0.7106
 84/937 [=>............................] - ETA: 31s - loss: 0.8633 - acc: 0.7225
 87/937 [=>............................] - ETA: 30s - loss: 0.8449 - acc: 0.7286
 90/937 [=>............................] - ETA: 30s - loss: 0.8285 - acc: 0.7340
 94/937 [==>...........................] - ETA: 29s - loss: 0.8075 - acc: 0.7405
 98/937 [==>...........................] - ETA: 28s - loss: 0.7854 - acc: 0.7470
102/937 [==>...........................] - ETA: 27s - loss: 0.7680 - acc: 0.7521
106/937 [==>...........................] - ETA: 27s - loss: 0.7526 - acc: 0.7577
110/937 [==>...........................] - ETA: 26s - loss: 0.7358 - acc: 0.7631
114/937 [==>...........................] - ETA: 25s - loss: 0.7188 - acc: 0.7677
118/937 [==>...........................] - ETA: 25s - loss: 0.7025 - acc: 0.7725
122/937 [==>...........................] - ETA: 24s - loss: 0.6880 - acc: 0.7773
126/937 [===>..........................] - ETA: 24s - loss: 0.6741 - acc: 0.7820
130/937 [===>..........................] - ETA: 23s - loss: 0.6660 - acc: 0.7841
134/937 [===>..........................] - ETA: 23s - loss: 0.6534 - acc: 0.7879
138/937 [===>..........................] - ETA: 22s - loss: 0.6421 - acc: 0.7914
142/937 [===>..........................] - ETA: 22s - loss: 0.6336 - acc: 0.7950
146/937 [===>..........................] - ETA: 21s - loss: 0.6239 - acc: 0.7985
150/937 [===>..........................] - ETA: 21s - loss: 0.6123 - acc: 0.8021
154/937 [===>..........................] - ETA: 21s - loss: 0.6029 - acc: 0.8053
158/937 [====>.........................] - ETA: 20s - loss: 0.5941 - acc: 0.8085
162/937 [====>.........................] - ETA: 20s - loss: 0.5852 - acc: 0.8113
166/937 [====>.........................] - ETA: 20s - loss: 0.5759 - acc: 0.8145
170/937 [====>.........................] - ETA: 19s - loss: 0.5670 - acc: 0.8175
174/937 [====>.........................] - ETA: 19s - loss: 0.5602 - acc: 0.8195
178/937 [====>.........................] - ETA: 19s - loss: 0.5510 - acc: 0.8227
182/937 [====>.........................] - ETA: 18s - loss: 0.5437 - acc: 0.8248
186/937 [====>.........................] - ETA: 18s - loss: 0.5364 - acc: 0.8272
190/937 [=====>........................] - ETA: 18s - loss: 0.5305 - acc: 0.8288
194/937 [=====>........................] - ETA: 18s - loss: 0.5237 - acc: 0.8309
198/937 [=====>........................] - ETA: 17s - loss: 0.5183 - acc: 0.8327
202/937 [=====>........................] - ETA: 17s - loss: 0.5127 - acc: 0.8344
206/937 [=====>........................] - ETA: 17s - loss: 0.5059 - acc: 0.8365
210/937 [=====>........................] - ETA: 17s - loss: 0.4996 - acc: 0.8385
214/937 [=====>........................] - ETA: 16s - loss: 0.4958 - acc: 0.8400
218/937 [=====>........................] - ETA: 16s - loss: 0.4909 - acc: 0.8416
221/937 [======>.......................] - ETA: 16s - loss: 0.4871 - acc: 0.8428
225/937 [======>.......................] - ETA: 16s - loss: 0.4812 - acc: 0.8444
229/937 [======>.......................] - ETA: 16s - loss: 0.4746 - acc: 0.8468
233/937 [======>.......................] - ETA: 16s - loss: 0.4696 - acc: 0.8482
237/937 [======>.......................] - ETA: 15s - loss: 0.4655 - acc: 0.8496
241/937 [======>.......................] - ETA: 15s - loss: 0.4599 - acc: 0.8512
245/937 [======>.......................] - ETA: 15s - loss: 0.4565 - acc: 0.8525
249/937 [======>.......................] - ETA: 15s - loss: 0.4523 - acc: 0.8537
253/937 [=======>......................] - ETA: 15s - loss: 0.4472 - acc: 0.8554
257/937 [=======>......................] - ETA: 15s - loss: 0.4438 - acc: 0.8568
261/937 [=======>......................] - ETA: 14s - loss: 0.4390 - acc: 0.8584
265/937 [=======>......................] - ETA: 14s - loss: 0.4366 - acc: 0.8593
269/937 [=======>......................] - ETA: 14s - loss: 0.4335 - acc: 0.8602
273/937 [=======>......................] - ETA: 14s - loss: 0.4300 - acc: 0.8615
277/937 [=======>......................] - ETA: 14s - loss: 0.4258 - acc: 0.8628
281/937 [=======>......................] - ETA: 14s - loss: 0.4220 - acc: 0.8643
285/937 [========>.....................] - ETA: 13s - loss: 0.4186 - acc: 0.8654
289/937 [========>.....................] - ETA: 13s - loss: 0.4148 - acc: 0.8668
293/937 [========>.....................] - ETA: 13s - loss: 0.4111 - acc: 0.8680
297/937 [========>.....................] - ETA: 13s - loss: 0.4073 - acc: 0.8689
301/937 [========>.....................] - ETA: 13s - loss: 0.4041 - acc: 0.8700
305/937 [========>.....................] - ETA: 13s - loss: 0.4002 - acc: 0.8712
309/937 [========>.....................] - ETA: 13s - loss: 0.3968 - acc: 0.8724
313/937 [=========>....................] - ETA: 12s - loss: 0.3940 - acc: 0.8735
317/937 [=========>....................] - ETA: 12s - loss: 0.3923 - acc: 0.8741
321/937 [=========>....................] - ETA: 12s - loss: 0.3889 - acc: 0.8753
325/937 [=========>....................] - ETA: 12s - loss: 0.3859 - acc: 0.8762
329/937 [=========>....................] - ETA: 12s - loss: 0.3827 - acc: 0.8771
333/937 [=========>....................] - ETA: 12s - loss: 0.3797 - acc: 0.8781
337/937 [=========>....................] - ETA: 12s - loss: 0.3767 - acc: 0.8791
341/937 [=========>....................] - ETA: 12s - loss: 0.3742 - acc: 0.8800
345/937 [==========>...................] - ETA: 11s - loss: 0.3730 - acc: 0.8808
349/937 [==========>...................] - ETA: 11s - loss: 0.3701 - acc: 0.8816
353/937 [==========>...................] - ETA: 11s - loss: 0.3669 - acc: 0.8826
357/937 [==========>...................] - ETA: 11s - loss: 0.3639 - acc: 0.8834
361/937 [==========>...................] - ETA: 11s - loss: 0.3614 - acc: 0.8841
365/937 [==========>...................] - ETA: 11s - loss: 0.3580 - acc: 0.8853
369/937 [==========>...................] - ETA: 11s - loss: 0.3550 - acc: 0.8863
373/937 [==========>...................] - ETA: 11s - loss: 0.3531 - acc: 0.8870
377/937 [===========>..................] - ETA: 10s - loss: 0.3507 - acc: 0.8878
381/937 [===========>..................] - ETA: 10s - loss: 0.3481 - acc: 0.8886
385/937 [===========>..................] - ETA: 10s - loss: 0.3461 - acc: 0.8890
389/937 [===========>..................] - ETA: 10s - loss: 0.3446 - acc: 0.8895
393/937 [===========>..................] - ETA: 10s - loss: 0.3425 - acc: 0.8901
397/937 [===========>..................] - ETA: 10s - loss: 0.3402 - acc: 0.8907
401/937 [===========>..................] - ETA: 10s - loss: 0.3380 - acc: 0.8915
405/937 [===========>..................] - ETA: 10s - loss: 0.3357 - acc: 0.8924
409/937 [============>.................] - ETA: 10s - loss: 0.3337 - acc: 0.8929
413/937 [============>.................] - ETA: 10s - loss: 0.3316 - acc: 0.8936
417/937 [============>.................] - ETA: 9s - loss: 0.3293 - acc: 0.8944 
421/937 [============>.................] - ETA: 9s - loss: 0.3272 - acc: 0.8950
425/937 [============>.................] - ETA: 9s - loss: 0.3255 - acc: 0.8956
429/937 [============>.................] - ETA: 9s - loss: 0.3234 - acc: 0.8963
433/937 [============>.................] - ETA: 9s - loss: 0.3215 - acc: 0.8969
437/937 [============>.................] - ETA: 9s - loss: 0.3199 - acc: 0.8974
441/937 [=============>................] - ETA: 9s - loss: 0.3185 - acc: 0.8978
445/937 [=============>................] - ETA: 9s - loss: 0.3171 - acc: 0.8983
449/937 [=============>................] - ETA: 9s - loss: 0.3151 - acc: 0.8990
453/937 [=============>................] - ETA: 9s - loss: 0.3135 - acc: 0.8994
457/937 [=============>................] - ETA: 8s - loss: 0.3118 - acc: 0.8999
461/937 [=============>................] - ETA: 8s - loss: 0.3105 - acc: 0.9002
465/937 [=============>................] - ETA: 8s - loss: 0.3085 - acc: 0.9009
469/937 [==============>...............] - ETA: 8s - loss: 0.3068 - acc: 0.9014
473/937 [==============>...............] - ETA: 8s - loss: 0.3056 - acc: 0.9018
477/937 [==============>...............] - ETA: 8s - loss: 0.3040 - acc: 0.9024
481/937 [==============>...............] - ETA: 8s - loss: 0.3023 - acc: 0.9029
485/937 [==============>...............] - ETA: 8s - loss: 0.3005 - acc: 0.9035
489/937 [==============>...............] - ETA: 8s - loss: 0.2986 - acc: 0.9041
493/937 [==============>...............] - ETA: 8s - loss: 0.2976 - acc: 0.9044
497/937 [==============>...............] - ETA: 8s - loss: 0.2965 - acc: 0.9048
501/937 [===============>..............] - ETA: 7s - loss: 0.2946 - acc: 0.9055
505/937 [===============>..............] - ETA: 7s - loss: 0.2938 - acc: 0.9058
509/937 [===============>..............] - ETA: 7s - loss: 0.2921 - acc: 0.9064
513/937 [===============>..............] - ETA: 7s - loss: 0.2905 - acc: 0.9068
517/937 [===============>..............] - ETA: 7s - loss: 0.2893 - acc: 0.9072
521/937 [===============>..............] - ETA: 7s - loss: 0.2879 - acc: 0.9076
525/937 [===============>..............] - ETA: 7s - loss: 0.2865 - acc: 0.9079
529/937 [===============>..............] - ETA: 7s - loss: 0.2855 - acc: 0.9084
533/937 [================>.............] - ETA: 7s - loss: 0.2841 - acc: 0.9089
537/937 [================>.............] - ETA: 7s - loss: 0.2832 - acc: 0.9091
541/937 [================>.............] - ETA: 7s - loss: 0.2820 - acc: 0.9096
545/937 [================>.............] - ETA: 7s - loss: 0.2807 - acc: 0.9100
549/937 [================>.............] - ETA: 6s - loss: 0.2797 - acc: 0.9104
553/937 [================>.............] - ETA: 6s - loss: 0.2786 - acc: 0.9108
557/937 [================>.............] - ETA: 6s - loss: 0.2770 - acc: 0.9113
561/937 [================>.............] - ETA: 6s - loss: 0.2761 - acc: 0.9115
565/937 [=================>............] - ETA: 6s - loss: 0.2746 - acc: 0.9119
569/937 [=================>............] - ETA: 6s - loss: 0.2733 - acc: 0.9124
573/937 [=================>............] - ETA: 6s - loss: 0.2716 - acc: 0.9130
577/937 [=================>............] - ETA: 6s - loss: 0.2704 - acc: 0.9134
581/937 [=================>............] - ETA: 6s - loss: 0.2690 - acc: 0.9139
585/937 [=================>............] - ETA: 6s - loss: 0.2676 - acc: 0.9143
589/937 [=================>............] - ETA: 6s - loss: 0.2668 - acc: 0.9147
593/937 [=================>............] - ETA: 6s - loss: 0.2664 - acc: 0.9148
597/937 [==================>...........] - ETA: 5s - loss: 0.2651 - acc: 0.9152
601/937 [==================>...........] - ETA: 5s - loss: 0.2643 - acc: 0.9154
605/937 [==================>...........] - ETA: 5s - loss: 0.2633 - acc: 0.9157
609/937 [==================>...........] - ETA: 5s - loss: 0.2621 - acc: 0.9161
613/937 [==================>...........] - ETA: 5s - loss: 0.2610 - acc: 0.9164
617/937 [==================>...........] - ETA: 5s - loss: 0.2601 - acc: 0.9167
621/937 [==================>...........] - ETA: 5s - loss: 0.2591 - acc: 0.9170
625/937 [===================>..........] - ETA: 5s - loss: 0.2579 - acc: 0.9174
629/937 [===================>..........] - ETA: 5s - loss: 0.2569 - acc: 0.9177
633/937 [===================>..........] - ETA: 5s - loss: 0.2556 - acc: 0.9181
637/937 [===================>..........] - ETA: 5s - loss: 0.2547 - acc: 0.9185
641/937 [===================>..........] - ETA: 5s - loss: 0.2536 - acc: 0.9188
645/937 [===================>..........] - ETA: 5s - loss: 0.2525 - acc: 0.9192
649/937 [===================>..........] - ETA: 4s - loss: 0.2518 - acc: 0.9194
653/937 [===================>..........] - ETA: 4s - loss: 0.2507 - acc: 0.9198
657/937 [====================>.........] - ETA: 4s - loss: 0.2496 - acc: 0.9202
661/937 [====================>.........] - ETA: 4s - loss: 0.2487 - acc: 0.9204
665/937 [====================>.........] - ETA: 4s - loss: 0.2475 - acc: 0.9208
669/937 [====================>.........] - ETA: 4s - loss: 0.2469 - acc: 0.9210
673/937 [====================>.........] - ETA: 4s - loss: 0.2462 - acc: 0.9212
677/937 [====================>.........] - ETA: 4s - loss: 0.2458 - acc: 0.9214
681/937 [====================>.........] - ETA: 4s - loss: 0.2451 - acc: 0.9216
685/937 [====================>.........] - ETA: 4s - loss: 0.2443 - acc: 0.9219
689/937 [=====================>........] - ETA: 4s - loss: 0.2434 - acc: 0.9222
693/937 [=====================>........] - ETA: 4s - loss: 0.2427 - acc: 0.9224
697/937 [=====================>........] - ETA: 4s - loss: 0.2417 - acc: 0.9227
701/937 [=====================>........] - ETA: 4s - loss: 0.2412 - acc: 0.9229
705/937 [=====================>........] - ETA: 3s - loss: 0.2401 - acc: 0.9232
709/937 [=====================>........] - ETA: 3s - loss: 0.2395 - acc: 0.9234
713/937 [=====================>........] - ETA: 3s - loss: 0.2388 - acc: 0.9237
717/937 [=====================>........] - ETA: 3s - loss: 0.2381 - acc: 0.9239
721/937 [======================>.......] - ETA: 3s - loss: 0.2376 - acc: 0.9242
725/937 [======================>.......] - ETA: 3s - loss: 0.2369 - acc: 0.9244
729/937 [======================>.......] - ETA: 3s - loss: 0.2361 - acc: 0.9246
733/937 [======================>.......] - ETA: 3s - loss: 0.2353 - acc: 0.9248
737/937 [======================>.......] - ETA: 3s - loss: 0.2343 - acc: 0.9252
741/937 [======================>.......] - ETA: 3s - loss: 0.2334 - acc: 0.9255
745/937 [======================>.......] - ETA: 3s - loss: 0.2327 - acc: 0.9257
749/937 [======================>.......] - ETA: 3s - loss: 0.2320 - acc: 0.9259
753/937 [=======================>......] - ETA: 3s - loss: 0.2312 - acc: 0.9262
757/937 [=======================>......] - ETA: 3s - loss: 0.2301 - acc: 0.9266
761/937 [=======================>......] - ETA: 2s - loss: 0.2294 - acc: 0.9267
765/937 [=======================>......] - ETA: 2s - loss: 0.2286 - acc: 0.9270
769/937 [=======================>......] - ETA: 2s - loss: 0.2277 - acc: 0.9273
773/937 [=======================>......] - ETA: 2s - loss: 0.2273 - acc: 0.9274
777/937 [=======================>......] - ETA: 2s - loss: 0.2266 - acc: 0.9276
781/937 [========================>.....] - ETA: 2s - loss: 0.2260 - acc: 0.9278
785/937 [========================>.....] - ETA: 2s - loss: 0.2252 - acc: 0.9281
789/937 [========================>.....] - ETA: 2s - loss: 0.2244 - acc: 0.9284
793/937 [========================>.....] - ETA: 2s - loss: 0.2236 - acc: 0.9286
797/937 [========================>.....] - ETA: 2s - loss: 0.2229 - acc: 0.9288
801/937 [========================>.....] - ETA: 2s - loss: 0.2226 - acc: 0.9289
805/937 [========================>.....] - ETA: 2s - loss: 0.2222 - acc: 0.9291
809/937 [========================>.....] - ETA: 2s - loss: 0.2215 - acc: 0.9293
813/937 [=========================>....] - ETA: 2s - loss: 0.2207 - acc: 0.9296
817/937 [=========================>....] - ETA: 1s - loss: 0.2202 - acc: 0.9298
821/937 [=========================>....] - ETA: 1s - loss: 0.2195 - acc: 0.9300
825/937 [=========================>....] - ETA: 1s - loss: 0.2195 - acc: 0.9301
829/937 [=========================>....] - ETA: 1s - loss: 0.2186 - acc: 0.9304
833/937 [=========================>....] - ETA: 1s - loss: 0.2180 - acc: 0.9306
837/937 [=========================>....] - ETA: 1s - loss: 0.2172 - acc: 0.9309
841/937 [=========================>....] - ETA: 1s - loss: 0.2165 - acc: 0.9311
845/937 [==========================>...] - ETA: 1s - loss: 0.2157 - acc: 0.9314
849/937 [==========================>...] - ETA: 1s - loss: 0.2151 - acc: 0.9316
853/937 [==========================>...] - ETA: 1s - loss: 0.2144 - acc: 0.9318
857/937 [==========================>...] - ETA: 1s - loss: 0.2140 - acc: 0.9320
861/937 [==========================>...] - ETA: 1s - loss: 0.2135 - acc: 0.9321
865/937 [==========================>...] - ETA: 1s - loss: 0.2127 - acc: 0.9323
869/937 [==========================>...] - ETA: 1s - loss: 0.2120 - acc: 0.9326
873/937 [==========================>...] - ETA: 1s - loss: 0.2114 - acc: 0.9327
877/937 [===========================>..] - ETA: 0s - loss: 0.2110 - acc: 0.9328
881/937 [===========================>..] - ETA: 0s - loss: 0.2105 - acc: 0.9330
885/937 [===========================>..] - ETA: 0s - loss: 0.2100 - acc: 0.9332
889/937 [===========================>..] - ETA: 0s - loss: 0.2096 - acc: 0.9333
893/937 [===========================>..] - ETA: 0s - loss: 0.2091 - acc: 0.9335
897/937 [===========================>..] - ETA: 0s - loss: 0.2085 - acc: 0.9337
901/937 [===========================>..] - ETA: 0s - loss: 0.2079 - acc: 0.9339
905/937 [===========================>..] - ETA: 0s - loss: 0.2072 - acc: 0.9341
909/937 [============================>.] - ETA: 0s - loss: 0.2067 - acc: 0.9343
913/937 [============================>.] - ETA: 0s - loss: 0.2062 - acc: 0.9344
917/937 [============================>.] - ETA: 0s - loss: 0.2055 - acc: 0.9347
921/937 [============================>.] - ETA: 0s - loss: 0.2051 - acc: 0.9348
925/937 [============================>.] - ETA: 0s - loss: 0.2046 - acc: 0.9349
929/937 [============================>.] - ETA: 0s - loss: 0.2040 - acc: 0.9351
933/937 [============================>.] - ETA: 0s - loss: 0.2037 - acc: 0.9352
937/937 [==============================] - 16s 17ms/step - loss: 0.2033 - acc: 0.9353 - val_loss: 0.0411 - val_acc: 0.9863
Epoch 2/5

  1/937 [..............................] - ETA: 11s - loss: 0.0784 - acc: 0.9844
  2/937 [..............................] - ETA: 48s - loss: 0.0936 - acc: 0.9844
  5/937 [..............................] - ETA: 32s - loss: 0.0956 - acc: 0.9812
  8/937 [..............................] - ETA: 26s - loss: 0.0870 - acc: 0.9785
 11/937 [..............................] - ETA: 23s - loss: 0.0749 - acc: 0.9801
 15/937 [..............................] - ETA: 20s - loss: 0.0871 - acc: 0.9781
 19/937 [..............................] - ETA: 19s - loss: 0.0835 - acc: 0.9786
 23/937 [..............................] - ETA: 18s - loss: 0.0832 - acc: 0.9783
 27/937 [..............................] - ETA: 17s - loss: 0.0816 - acc: 0.9774
 31/937 [..............................] - ETA: 17s - loss: 0.0775 - acc: 0.9793
 35/937 [>.............................] - ETA: 17s - loss: 0.0803 - acc: 0.9799
 39/937 [>.............................] - ETA: 16s - loss: 0.0816 - acc: 0.9796
 43/937 [>.............................] - ETA: 16s - loss: 0.0846 - acc: 0.9764
 47/937 [>.............................] - ETA: 16s - loss: 0.0856 - acc: 0.9764
 51/937 [>.............................] - ETA: 16s - loss: 0.0849 - acc: 0.9767
 55/937 [>.............................] - ETA: 15s - loss: 0.0811 - acc: 0.9773
 59/937 [>.............................] - ETA: 15s - loss: 0.0813 - acc: 0.9767
 63/937 [=>............................] - ETA: 15s - loss: 0.0835 - acc: 0.9764
 67/937 [=>............................] - ETA: 15s - loss: 0.0812 - acc: 0.9767
 71/937 [=>............................] - ETA: 15s - loss: 0.0800 - acc: 0.9778
 75/937 [=>............................] - ETA: 14s - loss: 0.0806 - acc: 0.9769
 79/937 [=>............................] - ETA: 14s - loss: 0.0803 - acc: 0.9767
 83/937 [=>............................] - ETA: 14s - loss: 0.0789 - acc: 0.9770
 87/937 [=>............................] - ETA: 14s - loss: 0.0768 - acc: 0.9777
 91/937 [=>............................] - ETA: 14s - loss: 0.0765 - acc: 0.9779
 95/937 [==>...........................] - ETA: 14s - loss: 0.0745 - acc: 0.9785
 99/937 [==>...........................] - ETA: 13s - loss: 0.0762 - acc: 0.9784
103/937 [==>...........................] - ETA: 13s - loss: 0.0756 - acc: 0.9785
107/937 [==>...........................] - ETA: 13s - loss: 0.0783 - acc: 0.9779
111/937 [==>...........................] - ETA: 13s - loss: 0.0791 - acc: 0.9778
115/937 [==>...........................] - ETA: 13s - loss: 0.0784 - acc: 0.9780
119/937 [==>...........................] - ETA: 13s - loss: 0.0790 - acc: 0.9779
123/937 [==>...........................] - ETA: 13s - loss: 0.0806 - acc: 0.9776
127/937 [===>..........................] - ETA: 13s - loss: 0.0799 - acc: 0.9779
131/937 [===>..........................] - ETA: 12s - loss: 0.0793 - acc: 0.9782
135/937 [===>..........................] - ETA: 12s - loss: 0.0789 - acc: 0.9780
139/937 [===>..........................] - ETA: 12s - loss: 0.0777 - acc: 0.9783
143/937 [===>..........................] - ETA: 12s - loss: 0.0803 - acc: 0.9778
147/937 [===>..........................] - ETA: 12s - loss: 0.0798 - acc: 0.9780
151/937 [===>..........................] - ETA: 12s - loss: 0.0797 - acc: 0.9779
155/937 [===>..........................] - ETA: 12s - loss: 0.0801 - acc: 0.9774
159/937 [====>.........................] - ETA: 12s - loss: 0.0809 - acc: 0.9772
163/937 [====>.........................] - ETA: 12s - loss: 0.0813 - acc: 0.9768
167/937 [====>.........................] - ETA: 12s - loss: 0.0803 - acc: 0.9772
171/937 [====>.........................] - ETA: 11s - loss: 0.0808 - acc: 0.9769
175/937 [====>.........................] - ETA: 11s - loss: 0.0799 - acc: 0.9771
179/937 [====>.........................] - ETA: 11s - loss: 0.0791 - acc: 0.9773
183/937 [====>.........................] - ETA: 11s - loss: 0.0783 - acc: 0.9775
187/937 [====>.........................] - ETA: 11s - loss: 0.0777 - acc: 0.9774
191/937 [=====>........................] - ETA: 11s - loss: 0.0770 - acc: 0.9775
195/937 [=====>........................] - ETA: 11s - loss: 0.0766 - acc: 0.9776
199/937 [=====>........................] - ETA: 11s - loss: 0.0760 - acc: 0.9779
203/937 [=====>........................] - ETA: 11s - loss: 0.0748 - acc: 0.9781
207/937 [=====>........................] - ETA: 11s - loss: 0.0755 - acc: 0.9778
211/937 [=====>........................] - ETA: 11s - loss: 0.0753 - acc: 0.9776
215/937 [=====>........................] - ETA: 11s - loss: 0.0759 - acc: 0.9774
219/937 [======>.......................] - ETA: 10s - loss: 0.0761 - acc: 0.9773
223/937 [======>.......................] - ETA: 10s - loss: 0.0763 - acc: 0.9772
227/937 [======>.......................] - ETA: 10s - loss: 0.0759 - acc: 0.9773
231/937 [======>.......................] - ETA: 10s - loss: 0.0753 - acc: 0.9774
235/937 [======>.......................] - ETA: 10s - loss: 0.0752 - acc: 0.9773
239/937 [======>.......................] - ETA: 10s - loss: 0.0751 - acc: 0.9773
243/937 [======>.......................] - ETA: 10s - loss: 0.0759 - acc: 0.9770
247/937 [======>.......................] - ETA: 10s - loss: 0.0760 - acc: 0.9769
251/937 [=======>......................] - ETA: 10s - loss: 0.0759 - acc: 0.9771
255/937 [=======>......................] - ETA: 10s - loss: 0.0762 - acc: 0.9770
259/937 [=======>......................] - ETA: 10s - loss: 0.0770 - acc: 0.9769
263/937 [=======>......................] - ETA: 10s - loss: 0.0766 - acc: 0.9769
267/937 [=======>......................] - ETA: 10s - loss: 0.0769 - acc: 0.9768
271/937 [=======>......................] - ETA: 9s - loss: 0.0763 - acc: 0.9770 
275/937 [=======>......................] - ETA: 9s - loss: 0.0757 - acc: 0.9772
279/937 [=======>......................] - ETA: 9s - loss: 0.0759 - acc: 0.9771
283/937 [========>.....................] - ETA: 9s - loss: 0.0756 - acc: 0.9771
287/937 [========>.....................] - ETA: 9s - loss: 0.0756 - acc: 0.9771
291/937 [========>.....................] - ETA: 9s - loss: 0.0751 - acc: 0.9773
295/937 [========>.....................] - ETA: 9s - loss: 0.0752 - acc: 0.9775
299/937 [========>.....................] - ETA: 9s - loss: 0.0751 - acc: 0.9773
303/937 [========>.....................] - ETA: 9s - loss: 0.0746 - acc: 0.9775
307/937 [========>.....................] - ETA: 9s - loss: 0.0747 - acc: 0.9775
311/937 [========>.....................] - ETA: 9s - loss: 0.0756 - acc: 0.9772
315/937 [=========>....................] - ETA: 9s - loss: 0.0757 - acc: 0.9773
319/937 [=========>....................] - ETA: 9s - loss: 0.0760 - acc: 0.9773
323/937 [=========>....................] - ETA: 9s - loss: 0.0757 - acc: 0.9774
327/937 [=========>....................] - ETA: 9s - loss: 0.0756 - acc: 0.9774
331/937 [=========>....................] - ETA: 8s - loss: 0.0761 - acc: 0.9772
335/937 [=========>....................] - ETA: 8s - loss: 0.0759 - acc: 0.9772
339/937 [=========>....................] - ETA: 8s - loss: 0.0755 - acc: 0.9773
343/937 [=========>....................] - ETA: 8s - loss: 0.0749 - acc: 0.9775
347/937 [==========>...................] - ETA: 8s - loss: 0.0749 - acc: 0.9775
351/937 [==========>...................] - ETA: 8s - loss: 0.0752 - acc: 0.9775
355/937 [==========>...................] - ETA: 8s - loss: 0.0748 - acc: 0.9776
359/937 [==========>...................] - ETA: 8s - loss: 0.0744 - acc: 0.9778
363/937 [==========>...................] - ETA: 8s - loss: 0.0743 - acc: 0.9778
367/937 [==========>...................] - ETA: 8s - loss: 0.0739 - acc: 0.9779
371/937 [==========>...................] - ETA: 8s - loss: 0.0739 - acc: 0.9778
375/937 [===========>..................] - ETA: 8s - loss: 0.0738 - acc: 0.9778
379/937 [===========>..................] - ETA: 8s - loss: 0.0736 - acc: 0.9779
383/937 [===========>..................] - ETA: 8s - loss: 0.0740 - acc: 0.9777
387/937 [===========>..................] - ETA: 8s - loss: 0.0745 - acc: 0.9777
391/937 [===========>..................] - ETA: 8s - loss: 0.0748 - acc: 0.9776
395/937 [===========>..................] - ETA: 7s - loss: 0.0744 - acc: 0.9777
399/937 [===========>..................] - ETA: 7s - loss: 0.0744 - acc: 0.9777
403/937 [===========>..................] - ETA: 7s - loss: 0.0750 - acc: 0.9776
407/937 [============>.................] - ETA: 7s - loss: 0.0749 - acc: 0.9775
411/937 [============>.................] - ETA: 7s - loss: 0.0752 - acc: 0.9775
415/937 [============>.................] - ETA: 7s - loss: 0.0756 - acc: 0.9775
419/937 [============>.................] - ETA: 7s - loss: 0.0753 - acc: 0.9776
423/937 [============>.................] - ETA: 7s - loss: 0.0751 - acc: 0.9777
427/937 [============>.................] - ETA: 7s - loss: 0.0751 - acc: 0.9776
431/937 [============>.................] - ETA: 7s - loss: 0.0750 - acc: 0.9776
435/937 [============>.................] - ETA: 7s - loss: 0.0747 - acc: 0.9777
439/937 [=============>................] - ETA: 7s - loss: 0.0746 - acc: 0.9777
443/937 [=============>................] - ETA: 7s - loss: 0.0744 - acc: 0.9778
447/937 [=============>................] - ETA: 7s - loss: 0.0742 - acc: 0.9779
451/937 [=============>................] - ETA: 7s - loss: 0.0737 - acc: 0.9780
455/937 [=============>................] - ETA: 7s - loss: 0.0738 - acc: 0.9780
459/937 [=============>................] - ETA: 6s - loss: 0.0734 - acc: 0.9781
463/937 [=============>................] - ETA: 6s - loss: 0.0731 - acc: 0.9782
467/937 [=============>................] - ETA: 6s - loss: 0.0735 - acc: 0.9782
471/937 [==============>...............] - ETA: 6s - loss: 0.0737 - acc: 0.9781
475/937 [==============>...............] - ETA: 6s - loss: 0.0743 - acc: 0.9779
479/937 [==============>...............] - ETA: 6s - loss: 0.0751 - acc: 0.9778
483/937 [==============>...............] - ETA: 6s - loss: 0.0753 - acc: 0.9777
487/937 [==============>...............] - ETA: 6s - loss: 0.0755 - acc: 0.9776
491/937 [==============>...............] - ETA: 6s - loss: 0.0755 - acc: 0.9775
495/937 [==============>...............] - ETA: 6s - loss: 0.0758 - acc: 0.9774
499/937 [==============>...............] - ETA: 6s - loss: 0.0760 - acc: 0.9774
503/937 [===============>..............] - ETA: 6s - loss: 0.0759 - acc: 0.9774
507/937 [===============>..............] - ETA: 6s - loss: 0.0757 - acc: 0.9774
511/937 [===============>..............] - ETA: 6s - loss: 0.0757 - acc: 0.9774
515/937 [===============>..............] - ETA: 6s - loss: 0.0756 - acc: 0.9774
519/937 [===============>..............] - ETA: 6s - loss: 0.0752 - acc: 0.9775
523/937 [===============>..............] - ETA: 6s - loss: 0.0751 - acc: 0.9775
527/937 [===============>..............] - ETA: 5s - loss: 0.0751 - acc: 0.9775
531/937 [================>.............] - ETA: 5s - loss: 0.0750 - acc: 0.9775
535/937 [================>.............] - ETA: 5s - loss: 0.0745 - acc: 0.9777
539/937 [================>.............] - ETA: 5s - loss: 0.0742 - acc: 0.9777
543/937 [================>.............] - ETA: 5s - loss: 0.0740 - acc: 0.9778
547/937 [================>.............] - ETA: 5s - loss: 0.0740 - acc: 0.9777
551/937 [================>.............] - ETA: 5s - loss: 0.0740 - acc: 0.9778
555/937 [================>.............] - ETA: 5s - loss: 0.0739 - acc: 0.9778
559/937 [================>.............] - ETA: 5s - loss: 0.0741 - acc: 0.9777
563/937 [=================>............] - ETA: 5s - loss: 0.0739 - acc: 0.9777
567/937 [=================>............] - ETA: 5s - loss: 0.0737 - acc: 0.9778
571/937 [=================>............] - ETA: 5s - loss: 0.0735 - acc: 0.9779
575/937 [=================>............] - ETA: 5s - loss: 0.0734 - acc: 0.9779
579/937 [=================>............] - ETA: 5s - loss: 0.0734 - acc: 0.9779
583/937 [=================>............] - ETA: 5s - loss: 0.0734 - acc: 0.9779
587/937 [=================>............] - ETA: 5s - loss: 0.0733 - acc: 0.9779
591/937 [=================>............] - ETA: 5s - loss: 0.0732 - acc: 0.9780
595/937 [==================>...........] - ETA: 4s - loss: 0.0732 - acc: 0.9780
599/937 [==================>...........] - ETA: 4s - loss: 0.0730 - acc: 0.9780
603/937 [==================>...........] - ETA: 4s - loss: 0.0731 - acc: 0.9780
607/937 [==================>...........] - ETA: 4s - loss: 0.0738 - acc: 0.9777
611/937 [==================>...........] - ETA: 4s - loss: 0.0736 - acc: 0.9778
615/937 [==================>...........] - ETA: 4s - loss: 0.0736 - acc: 0.9778
619/937 [==================>...........] - ETA: 4s - loss: 0.0739 - acc: 0.9777
623/937 [==================>...........] - ETA: 4s - loss: 0.0736 - acc: 0.9778
627/937 [===================>..........] - ETA: 4s - loss: 0.0737 - acc: 0.9778
631/937 [===================>..........] - ETA: 4s - loss: 0.0734 - acc: 0.9778
635/937 [===================>..........] - ETA: 4s - loss: 0.0731 - acc: 0.9779
639/937 [===================>..........] - ETA: 4s - loss: 0.0734 - acc: 0.9779
643/937 [===================>..........] - ETA: 4s - loss: 0.0733 - acc: 0.9779
647/937 [===================>..........] - ETA: 4s - loss: 0.0731 - acc: 0.9779
651/937 [===================>..........] - ETA: 4s - loss: 0.0731 - acc: 0.9779
655/937 [===================>..........] - ETA: 4s - loss: 0.0728 - acc: 0.9780
659/937 [====================>.........] - ETA: 4s - loss: 0.0730 - acc: 0.9779
663/937 [====================>.........] - ETA: 3s - loss: 0.0732 - acc: 0.9779
667/937 [====================>.........] - ETA: 3s - loss: 0.0729 - acc: 0.9780
671/937 [====================>.........] - ETA: 3s - loss: 0.0731 - acc: 0.9780
675/937 [====================>.........] - ETA: 3s - loss: 0.0730 - acc: 0.9780
679/937 [====================>.........] - ETA: 3s - loss: 0.0729 - acc: 0.9780
683/937 [====================>.........] - ETA: 3s - loss: 0.0728 - acc: 0.9780
687/937 [====================>.........] - ETA: 3s - loss: 0.0727 - acc: 0.9780
691/937 [=====================>........] - ETA: 3s - loss: 0.0724 - acc: 0.9781
695/937 [=====================>........] - ETA: 3s - loss: 0.0724 - acc: 0.9781
699/937 [=====================>........] - ETA: 3s - loss: 0.0724 - acc: 0.9781
703/937 [=====================>........] - ETA: 3s - loss: 0.0724 - acc: 0.9781
707/937 [=====================>........] - ETA: 3s - loss: 0.0722 - acc: 0.9781
711/937 [=====================>........] - ETA: 3s - loss: 0.0722 - acc: 0.9781
715/937 [=====================>........] - ETA: 3s - loss: 0.0721 - acc: 0.9782
719/937 [======================>.......] - ETA: 3s - loss: 0.0722 - acc: 0.9782
723/937 [======================>.......] - ETA: 3s - loss: 0.0721 - acc: 0.9782
727/937 [======================>.......] - ETA: 3s - loss: 0.0720 - acc: 0.9782
731/937 [======================>.......] - ETA: 2s - loss: 0.0720 - acc: 0.9783
735/937 [======================>.......] - ETA: 2s - loss: 0.0721 - acc: 0.9782
739/937 [======================>.......] - ETA: 2s - loss: 0.0721 - acc: 0.9782
743/937 [======================>.......] - ETA: 2s - loss: 0.0720 - acc: 0.9783
747/937 [======================>.......] - ETA: 2s - loss: 0.0722 - acc: 0.9783
751/937 [=======================>......] - ETA: 2s - loss: 0.0723 - acc: 0.9783
755/937 [=======================>......] - ETA: 2s - loss: 0.0722 - acc: 0.9783
759/937 [=======================>......] - ETA: 2s - loss: 0.0723 - acc: 0.9783
763/937 [=======================>......] - ETA: 2s - loss: 0.0724 - acc: 0.9782
767/937 [=======================>......] - ETA: 2s - loss: 0.0724 - acc: 0.9783
771/937 [=======================>......] - ETA: 2s - loss: 0.0725 - acc: 0.9783
775/937 [=======================>......] - ETA: 2s - loss: 0.0726 - acc: 0.9782
779/937 [=======================>......] - ETA: 2s - loss: 0.0728 - acc: 0.9782
783/937 [========================>.....] - ETA: 2s - loss: 0.0727 - acc: 0.9782
787/937 [========================>.....] - ETA: 2s - loss: 0.0726 - acc: 0.9782
791/937 [========================>.....] - ETA: 2s - loss: 0.0725 - acc: 0.9783
795/937 [========================>.....] - ETA: 2s - loss: 0.0725 - acc: 0.9783
799/937 [========================>.....] - ETA: 1s - loss: 0.0723 - acc: 0.9784
803/937 [========================>.....] - ETA: 1s - loss: 0.0720 - acc: 0.9784
807/937 [========================>.....] - ETA: 1s - loss: 0.0721 - acc: 0.9784
811/937 [========================>.....] - ETA: 1s - loss: 0.0720 - acc: 0.9784
815/937 [=========================>....] - ETA: 1s - loss: 0.0720 - acc: 0.9785
819/937 [=========================>....] - ETA: 1s - loss: 0.0720 - acc: 0.9784
823/937 [=========================>....] - ETA: 1s - loss: 0.0721 - acc: 0.9784
827/937 [=========================>....] - ETA: 1s - loss: 0.0720 - acc: 0.9785
831/937 [=========================>....] - ETA: 1s - loss: 0.0719 - acc: 0.9785
835/937 [=========================>....] - ETA: 1s - loss: 0.0719 - acc: 0.9785
839/937 [=========================>....] - ETA: 1s - loss: 0.0718 - acc: 0.9784
843/937 [=========================>....] - ETA: 1s - loss: 0.0717 - acc: 0.9785
847/937 [==========================>...] - ETA: 1s - loss: 0.0716 - acc: 0.9786
851/937 [==========================>...] - ETA: 1s - loss: 0.0715 - acc: 0.9786
855/937 [==========================>...] - ETA: 1s - loss: 0.0713 - acc: 0.9787
859/937 [==========================>...] - ETA: 1s - loss: 0.0713 - acc: 0.9786
863/937 [==========================>...] - ETA: 1s - loss: 0.0713 - acc: 0.9786
867/937 [==========================>...] - ETA: 1s - loss: 0.0713 - acc: 0.9786
871/937 [==========================>...] - ETA: 0s - loss: 0.0711 - acc: 0.9787
875/937 [===========================>..] - ETA: 0s - loss: 0.0713 - acc: 0.9786
879/937 [===========================>..] - ETA: 0s - loss: 0.0712 - acc: 0.9786
883/937 [===========================>..] - ETA: 0s - loss: 0.0711 - acc: 0.9787
887/937 [===========================>..] - ETA: 0s - loss: 0.0710 - acc: 0.9787
891/937 [===========================>..] - ETA: 0s - loss: 0.0711 - acc: 0.9786
895/937 [===========================>..] - ETA: 0s - loss: 0.0709 - acc: 0.9787
899/937 [===========================>..] - ETA: 0s - loss: 0.0710 - acc: 0.9787
903/937 [===========================>..] - ETA: 0s - loss: 0.0710 - acc: 0.9787
907/937 [============================>.] - ETA: 0s - loss: 0.0709 - acc: 0.9787
911/937 [============================>.] - ETA: 0s - loss: 0.0709 - acc: 0.9787
915/937 [============================>.] - ETA: 0s - loss: 0.0708 - acc: 0.9787
919/937 [============================>.] - ETA: 0s - loss: 0.0707 - acc: 0.9787
923/937 [============================>.] - ETA: 0s - loss: 0.0706 - acc: 0.9788
927/937 [============================>.] - ETA: 0s - loss: 0.0706 - acc: 0.9787
931/937 [============================>.] - ETA: 0s - loss: 0.0705 - acc: 0.9787
935/937 [============================>.] - ETA: 0s - loss: 0.0704 - acc: 0.9787
937/937 [==============================] - 14s 15ms/step - loss: 0.0704 - acc: 0.9788 - val_loss: 0.0254 - val_acc: 0.9925
Epoch 3/5

  1/937 [..............................] - ETA: 12s - loss: 0.1524 - acc: 0.9531
  3/937 [..............................] - ETA: 46s - loss: 0.0845 - acc: 0.9740
  5/937 [..............................] - ETA: 37s - loss: 0.0881 - acc: 0.9688
  8/937 [..............................] - ETA: 30s - loss: 0.0719 - acc: 0.9766
 11/937 [..............................] - ETA: 26s - loss: 0.0765 - acc: 0.9787
 15/937 [..............................] - ETA: 23s - loss: 0.0712 - acc: 0.9802
 19/937 [..............................] - ETA: 21s - loss: 0.0669 - acc: 0.9803
 23/937 [..............................] - ETA: 20s - loss: 0.0648 - acc: 0.9803
 27/937 [..............................] - ETA: 19s - loss: 0.0598 - acc: 0.9815
 31/937 [..............................] - ETA: 18s - loss: 0.0586 - acc: 0.9824
 34/937 [>.............................] - ETA: 18s - loss: 0.0578 - acc: 0.9825
 37/937 [>.............................] - ETA: 18s - loss: 0.0563 - acc: 0.9823
 40/937 [>.............................] - ETA: 18s - loss: 0.0618 - acc: 0.9809
 43/937 [>.............................] - ETA: 18s - loss: 0.0598 - acc: 0.9815
 46/937 [>.............................] - ETA: 17s - loss: 0.0586 - acc: 0.9820
 50/937 [>.............................] - ETA: 17s - loss: 0.0556 - acc: 0.9828
 53/937 [>.............................] - ETA: 17s - loss: 0.0553 - acc: 0.9826
 56/937 [>.............................] - ETA: 17s - loss: 0.0564 - acc: 0.9824
 59/937 [>.............................] - ETA: 16s - loss: 0.0551 - acc: 0.9828
 62/937 [>.............................] - ETA: 16s - loss: 0.0547 - acc: 0.9831
 66/937 [=>............................] - ETA: 16s - loss: 0.0526 - acc: 0.9837
 70/937 [=>............................] - ETA: 16s - loss: 0.0516 - acc: 0.9839
 73/937 [=>............................] - ETA: 16s - loss: 0.0531 - acc: 0.9837
 76/937 [=>............................] - ETA: 16s - loss: 0.0540 - acc: 0.9833
 79/937 [=>............................] - ETA: 16s - loss: 0.0537 - acc: 0.9830
 82/937 [=>............................] - ETA: 16s - loss: 0.0555 - acc: 0.9827
 86/937 [=>............................] - ETA: 15s - loss: 0.0547 - acc: 0.9827
 90/937 [=>............................] - ETA: 15s - loss: 0.0549 - acc: 0.9826
 93/937 [=>............................] - ETA: 15s - loss: 0.0537 - acc: 0.9830
 97/937 [==>...........................] - ETA: 15s - loss: 0.0528 - acc: 0.9834
100/937 [==>...........................] - ETA: 15s - loss: 0.0526 - acc: 0.9834
103/937 [==>...........................] - ETA: 15s - loss: 0.0529 - acc: 0.9833
107/937 [==>...........................] - ETA: 15s - loss: 0.0532 - acc: 0.9834
110/937 [==>...........................] - ETA: 15s - loss: 0.0531 - acc: 0.9834
113/937 [==>...........................] - ETA: 15s - loss: 0.0538 - acc: 0.9833
116/937 [==>...........................] - ETA: 15s - loss: 0.0533 - acc: 0.9836
120/937 [==>...........................] - ETA: 15s - loss: 0.0532 - acc: 0.9836
124/937 [==>...........................] - ETA: 14s - loss: 0.0532 - acc: 0.9836
127/937 [===>..........................] - ETA: 14s - loss: 0.0532 - acc: 0.9836
130/937 [===>..........................] - ETA: 14s - loss: 0.0530 - acc: 0.9838
134/937 [===>..........................] - ETA: 14s - loss: 0.0528 - acc: 0.9838
138/937 [===>..........................] - ETA: 14s - loss: 0.0515 - acc: 0.9843
142/937 [===>..........................] - ETA: 14s - loss: 0.0517 - acc: 0.9843
146/937 [===>..........................] - ETA: 14s - loss: 0.0518 - acc: 0.9843
150/937 [===>..........................] - ETA: 14s - loss: 0.0522 - acc: 0.9840
154/937 [===>..........................] - ETA: 14s - loss: 0.0519 - acc: 0.9840
158/937 [====>.........................] - ETA: 14s - loss: 0.0518 - acc: 0.9841
162/937 [====>.........................] - ETA: 13s - loss: 0.0520 - acc: 0.9841
166/937 [====>.........................] - ETA: 13s - loss: 0.0527 - acc: 0.9839
170/937 [====>.........................] - ETA: 13s - loss: 0.0529 - acc: 0.9835
174/937 [====>.........................] - ETA: 13s - loss: 0.0534 - acc: 0.9832
178/937 [====>.........................] - ETA: 13s - loss: 0.0531 - acc: 0.9833
182/937 [====>.........................] - ETA: 13s - loss: 0.0531 - acc: 0.9833
186/937 [====>.........................] - ETA: 13s - loss: 0.0529 - acc: 0.9835
190/937 [=====>........................] - ETA: 13s - loss: 0.0532 - acc: 0.9835
194/937 [=====>........................] - ETA: 12s - loss: 0.0524 - acc: 0.9837
198/937 [=====>........................] - ETA: 12s - loss: 0.0537 - acc: 0.9835
202/937 [=====>........................] - ETA: 12s - loss: 0.0537 - acc: 0.9835
206/937 [=====>........................] - ETA: 12s - loss: 0.0542 - acc: 0.9832
210/937 [=====>........................] - ETA: 12s - loss: 0.0544 - acc: 0.9830
214/937 [=====>........................] - ETA: 12s - loss: 0.0549 - acc: 0.9828
218/937 [=====>........................] - ETA: 12s - loss: 0.0549 - acc: 0.9827
222/937 [======>.......................] - ETA: 12s - loss: 0.0543 - acc: 0.9830
226/937 [======>.......................] - ETA: 11s - loss: 0.0545 - acc: 0.9830
230/937 [======>.......................] - ETA: 11s - loss: 0.0546 - acc: 0.9829
234/937 [======>.......................] - ETA: 11s - loss: 0.0548 - acc: 0.9830
238/937 [======>.......................] - ETA: 11s - loss: 0.0553 - acc: 0.9829
242/937 [======>.......................] - ETA: 11s - loss: 0.0558 - acc: 0.9828
246/937 [======>.......................] - ETA: 11s - loss: 0.0564 - acc: 0.9824
250/937 [=======>......................] - ETA: 11s - loss: 0.0561 - acc: 0.9824
254/937 [=======>......................] - ETA: 11s - loss: 0.0560 - acc: 0.9825
258/937 [=======>......................] - ETA: 11s - loss: 0.0557 - acc: 0.9826
262/937 [=======>......................] - ETA: 11s - loss: 0.0560 - acc: 0.9825
266/937 [=======>......................] - ETA: 11s - loss: 0.0555 - acc: 0.9827
270/937 [=======>......................] - ETA: 10s - loss: 0.0550 - acc: 0.9829
274/937 [=======>......................] - ETA: 10s - loss: 0.0557 - acc: 0.9829
278/937 [=======>......................] - ETA: 10s - loss: 0.0558 - acc: 0.9828
282/937 [========>.....................] - ETA: 10s - loss: 0.0558 - acc: 0.9828
286/937 [========>.....................] - ETA: 10s - loss: 0.0555 - acc: 0.9828
290/937 [========>.....................] - ETA: 10s - loss: 0.0557 - acc: 0.9828
294/937 [========>.....................] - ETA: 10s - loss: 0.0556 - acc: 0.9828
298/937 [========>.....................] - ETA: 10s - loss: 0.0561 - acc: 0.9827
302/937 [========>.....................] - ETA: 10s - loss: 0.0562 - acc: 0.9828
306/937 [========>.....................] - ETA: 10s - loss: 0.0558 - acc: 0.9829
310/937 [========>.....................] - ETA: 10s - loss: 0.0556 - acc: 0.9830
314/937 [=========>....................] - ETA: 10s - loss: 0.0554 - acc: 0.9831
318/937 [=========>....................] - ETA: 9s - loss: 0.0555 - acc: 0.9831 
322/937 [=========>....................] - ETA: 9s - loss: 0.0560 - acc: 0.9830
326/937 [=========>....................] - ETA: 9s - loss: 0.0564 - acc: 0.9828
330/937 [=========>....................] - ETA: 9s - loss: 0.0565 - acc: 0.9829
334/937 [=========>....................] - ETA: 9s - loss: 0.0564 - acc: 0.9829
338/937 [=========>....................] - ETA: 9s - loss: 0.0567 - acc: 0.9828
342/937 [=========>....................] - ETA: 9s - loss: 0.0564 - acc: 0.9830
346/937 [==========>...................] - ETA: 9s - loss: 0.0565 - acc: 0.9830
350/937 [==========>...................] - ETA: 9s - loss: 0.0569 - acc: 0.9828
354/937 [==========>...................] - ETA: 9s - loss: 0.0569 - acc: 0.9827
358/937 [==========>...................] - ETA: 9s - loss: 0.0571 - acc: 0.9827
362/937 [==========>...................] - ETA: 9s - loss: 0.0571 - acc: 0.9826
366/937 [==========>...................] - ETA: 9s - loss: 0.0572 - acc: 0.9826
370/937 [==========>...................] - ETA: 8s - loss: 0.0571 - acc: 0.9826
374/937 [==========>...................] - ETA: 8s - loss: 0.0569 - acc: 0.9827
378/937 [===========>..................] - ETA: 8s - loss: 0.0567 - acc: 0.9828
382/937 [===========>..................] - ETA: 8s - loss: 0.0569 - acc: 0.9826
386/937 [===========>..................] - ETA: 8s - loss: 0.0573 - acc: 0.9826
390/937 [===========>..................] - ETA: 8s - loss: 0.0573 - acc: 0.9826
394/937 [===========>..................] - ETA: 8s - loss: 0.0572 - acc: 0.9827
398/937 [===========>..................] - ETA: 8s - loss: 0.0571 - acc: 0.9827
402/937 [===========>..................] - ETA: 8s - loss: 0.0570 - acc: 0.9827
406/937 [===========>..................] - ETA: 8s - loss: 0.0571 - acc: 0.9826
410/937 [============>.................] - ETA: 8s - loss: 0.0568 - acc: 0.9827
414/937 [============>.................] - ETA: 8s - loss: 0.0567 - acc: 0.9827
418/937 [============>.................] - ETA: 8s - loss: 0.0568 - acc: 0.9827
422/937 [============>.................] - ETA: 8s - loss: 0.0568 - acc: 0.9826
426/937 [============>.................] - ETA: 7s - loss: 0.0565 - acc: 0.9827
430/937 [============>.................] - ETA: 7s - loss: 0.0566 - acc: 0.9827
434/937 [============>.................] - ETA: 7s - loss: 0.0565 - acc: 0.9827
438/937 [=============>................] - ETA: 7s - loss: 0.0563 - acc: 0.9827
442/937 [=============>................] - ETA: 7s - loss: 0.0567 - acc: 0.9826
446/937 [=============>................] - ETA: 7s - loss: 0.0566 - acc: 0.9826
450/937 [=============>................] - ETA: 7s - loss: 0.0567 - acc: 0.9826
454/937 [=============>................] - ETA: 7s - loss: 0.0566 - acc: 0.9826
458/937 [=============>................] - ETA: 7s - loss: 0.0569 - acc: 0.9826
462/937 [=============>................] - ETA: 7s - loss: 0.0569 - acc: 0.9826
466/937 [=============>................] - ETA: 7s - loss: 0.0568 - acc: 0.9827
470/937 [==============>...............] - ETA: 7s - loss: 0.0569 - acc: 0.9827
474/937 [==============>...............] - ETA: 7s - loss: 0.0567 - acc: 0.9827
478/937 [==============>...............] - ETA: 7s - loss: 0.0565 - acc: 0.9827
482/937 [==============>...............] - ETA: 7s - loss: 0.0564 - acc: 0.9828
486/937 [==============>...............] - ETA: 6s - loss: 0.0563 - acc: 0.9828
490/937 [==============>...............] - ETA: 6s - loss: 0.0561 - acc: 0.9828
494/937 [==============>...............] - ETA: 6s - loss: 0.0562 - acc: 0.9828
498/937 [==============>...............] - ETA: 6s - loss: 0.0562 - acc: 0.9828
502/937 [===============>..............] - ETA: 6s - loss: 0.0562 - acc: 0.9828
506/937 [===============>..............] - ETA: 6s - loss: 0.0562 - acc: 0.9827
510/937 [===============>..............] - ETA: 6s - loss: 0.0563 - acc: 0.9826
514/937 [===============>..............] - ETA: 6s - loss: 0.0561 - acc: 0.9827
518/937 [===============>..............] - ETA: 6s - loss: 0.0560 - acc: 0.9827
522/937 [===============>..............] - ETA: 6s - loss: 0.0558 - acc: 0.9828
526/937 [===============>..............] - ETA: 6s - loss: 0.0560 - acc: 0.9827
530/937 [===============>..............] - ETA: 6s - loss: 0.0559 - acc: 0.9827
534/937 [================>.............] - ETA: 6s - loss: 0.0558 - acc: 0.9827
538/937 [================>.............] - ETA: 6s - loss: 0.0556 - acc: 0.9828
542/937 [================>.............] - ETA: 6s - loss: 0.0554 - acc: 0.9828
546/937 [================>.............] - ETA: 5s - loss: 0.0554 - acc: 0.9829
550/937 [================>.............] - ETA: 5s - loss: 0.0554 - acc: 0.9829
554/937 [================>.............] - ETA: 5s - loss: 0.0552 - acc: 0.9830
558/937 [================>.............] - ETA: 5s - loss: 0.0551 - acc: 0.9831
562/937 [================>.............] - ETA: 5s - loss: 0.0549 - acc: 0.9831
566/937 [=================>............] - ETA: 5s - loss: 0.0551 - acc: 0.9831
570/937 [=================>............] - ETA: 5s - loss: 0.0550 - acc: 0.9831
574/937 [=================>............] - ETA: 5s - loss: 0.0550 - acc: 0.9832
578/937 [=================>............] - ETA: 5s - loss: 0.0552 - acc: 0.9830
582/937 [=================>............] - ETA: 5s - loss: 0.0551 - acc: 0.9831
586/937 [=================>............] - ETA: 5s - loss: 0.0552 - acc: 0.9830
590/937 [=================>............] - ETA: 5s - loss: 0.0555 - acc: 0.9829
594/937 [==================>...........] - ETA: 5s - loss: 0.0554 - acc: 0.9830
598/937 [==================>...........] - ETA: 5s - loss: 0.0556 - acc: 0.9829
602/937 [==================>...........] - ETA: 5s - loss: 0.0557 - acc: 0.9829
606/937 [==================>...........] - ETA: 5s - loss: 0.0557 - acc: 0.9829
610/937 [==================>...........] - ETA: 4s - loss: 0.0560 - acc: 0.9828
614/937 [==================>...........] - ETA: 4s - loss: 0.0557 - acc: 0.9829
618/937 [==================>...........] - ETA: 4s - loss: 0.0557 - acc: 0.9829
622/937 [==================>...........] - ETA: 4s - loss: 0.0557 - acc: 0.9829
626/937 [===================>..........] - ETA: 4s - loss: 0.0556 - acc: 0.9830
630/937 [===================>..........] - ETA: 4s - loss: 0.0555 - acc: 0.9829
634/937 [===================>..........] - ETA: 4s - loss: 0.0555 - acc: 0.9829
638/937 [===================>..........] - ETA: 4s - loss: 0.0561 - acc: 0.9829
642/937 [===================>..........] - ETA: 4s - loss: 0.0560 - acc: 0.9829
646/937 [===================>..........] - ETA: 4s - loss: 0.0562 - acc: 0.9829
650/937 [===================>..........] - ETA: 4s - loss: 0.0561 - acc: 0.9830
654/937 [===================>..........] - ETA: 4s - loss: 0.0559 - acc: 0.9830
658/937 [====================>.........] - ETA: 4s - loss: 0.0559 - acc: 0.9830
662/937 [====================>.........] - ETA: 4s - loss: 0.0559 - acc: 0.9830
666/937 [====================>.........] - ETA: 4s - loss: 0.0557 - acc: 0.9831
670/937 [====================>.........] - ETA: 4s - loss: 0.0557 - acc: 0.9831
674/937 [====================>.........] - ETA: 3s - loss: 0.0557 - acc: 0.9831
678/937 [====================>.........] - ETA: 3s - loss: 0.0557 - acc: 0.9831
682/937 [====================>.........] - ETA: 3s - loss: 0.0558 - acc: 0.9831
686/937 [====================>.........] - ETA: 3s - loss: 0.0560 - acc: 0.9831
690/937 [=====================>........] - ETA: 3s - loss: 0.0558 - acc: 0.9832
694/937 [=====================>........] - ETA: 3s - loss: 0.0558 - acc: 0.9832
698/937 [=====================>........] - ETA: 3s - loss: 0.0560 - acc: 0.9832
702/937 [=====================>........] - ETA: 3s - loss: 0.0559 - acc: 0.9832
706/937 [=====================>........] - ETA: 3s - loss: 0.0559 - acc: 0.9831
710/937 [=====================>........] - ETA: 3s - loss: 0.0560 - acc: 0.9831
714/937 [=====================>........] - ETA: 3s - loss: 0.0559 - acc: 0.9831
718/937 [=====================>........] - ETA: 3s - loss: 0.0559 - acc: 0.9831
722/937 [======================>.......] - ETA: 3s - loss: 0.0559 - acc: 0.9831
726/937 [======================>.......] - ETA: 3s - loss: 0.0557 - acc: 0.9831
730/937 [======================>.......] - ETA: 3s - loss: 0.0555 - acc: 0.9832
734/937 [======================>.......] - ETA: 3s - loss: 0.0554 - acc: 0.9832
738/937 [======================>.......] - ETA: 2s - loss: 0.0553 - acc: 0.9833
742/937 [======================>.......] - ETA: 2s - loss: 0.0554 - acc: 0.9832
746/937 [======================>.......] - ETA: 2s - loss: 0.0554 - acc: 0.9832
750/937 [=======================>......] - ETA: 2s - loss: 0.0552 - acc: 0.9833
754/937 [=======================>......] - ETA: 2s - loss: 0.0551 - acc: 0.9833
758/937 [=======================>......] - ETA: 2s - loss: 0.0550 - acc: 0.9833
762/937 [=======================>......] - ETA: 2s - loss: 0.0550 - acc: 0.9833
766/937 [=======================>......] - ETA: 2s - loss: 0.0549 - acc: 0.9833
770/937 [=======================>......] - ETA: 2s - loss: 0.0548 - acc: 0.9833
774/937 [=======================>......] - ETA: 2s - loss: 0.0547 - acc: 0.9833
778/937 [=======================>......] - ETA: 2s - loss: 0.0545 - acc: 0.9834
782/937 [========================>.....] - ETA: 2s - loss: 0.0545 - acc: 0.9834
786/937 [========================>.....] - ETA: 2s - loss: 0.0544 - acc: 0.9834
790/937 [========================>.....] - ETA: 2s - loss: 0.0544 - acc: 0.9834
794/937 [========================>.....] - ETA: 2s - loss: 0.0542 - acc: 0.9834
798/937 [========================>.....] - ETA: 2s - loss: 0.0543 - acc: 0.9834
802/937 [========================>.....] - ETA: 2s - loss: 0.0544 - acc: 0.9834
806/937 [========================>.....] - ETA: 1s - loss: 0.0543 - acc: 0.9834
810/937 [========================>.....] - ETA: 1s - loss: 0.0542 - acc: 0.9834
814/937 [=========================>....] - ETA: 1s - loss: 0.0541 - acc: 0.9834
818/937 [=========================>....] - ETA: 1s - loss: 0.0541 - acc: 0.9834
822/937 [=========================>....] - ETA: 1s - loss: 0.0539 - acc: 0.9835
826/937 [=========================>....] - ETA: 1s - loss: 0.0540 - acc: 0.9835
830/937 [=========================>....] - ETA: 1s - loss: 0.0542 - acc: 0.9835
834/937 [=========================>....] - ETA: 1s - loss: 0.0542 - acc: 0.9835
838/937 [=========================>....] - ETA: 1s - loss: 0.0544 - acc: 0.9835
842/937 [=========================>....] - ETA: 1s - loss: 0.0543 - acc: 0.9835
846/937 [==========================>...] - ETA: 1s - loss: 0.0545 - acc: 0.9835
850/937 [==========================>...] - ETA: 1s - loss: 0.0546 - acc: 0.9835
854/937 [==========================>...] - ETA: 1s - loss: 0.0546 - acc: 0.9835
858/937 [==========================>...] - ETA: 1s - loss: 0.0544 - acc: 0.9836
862/937 [==========================>...] - ETA: 1s - loss: 0.0543 - acc: 0.9836
866/937 [==========================>...] - ETA: 1s - loss: 0.0541 - acc: 0.9836
870/937 [==========================>...] - ETA: 0s - loss: 0.0542 - acc: 0.9836
874/937 [==========================>...] - ETA: 0s - loss: 0.0541 - acc: 0.9837
878/937 [===========================>..] - ETA: 0s - loss: 0.0539 - acc: 0.9837
882/937 [===========================>..] - ETA: 0s - loss: 0.0539 - acc: 0.9837
886/937 [===========================>..] - ETA: 0s - loss: 0.0539 - acc: 0.9837
890/937 [===========================>..] - ETA: 0s - loss: 0.0539 - acc: 0.9837
894/937 [===========================>..] - ETA: 0s - loss: 0.0538 - acc: 0.9837
898/937 [===========================>..] - ETA: 0s - loss: 0.0539 - acc: 0.9837
902/937 [===========================>..] - ETA: 0s - loss: 0.0539 - acc: 0.9836
906/937 [============================>.] - ETA: 0s - loss: 0.0538 - acc: 0.9837
910/937 [============================>.] - ETA: 0s - loss: 0.0537 - acc: 0.9837
914/937 [============================>.] - ETA: 0s - loss: 0.0536 - acc: 0.9837
918/937 [============================>.] - ETA: 0s - loss: 0.0534 - acc: 0.9837
922/937 [============================>.] - ETA: 0s - loss: 0.0533 - acc: 0.9838
926/937 [============================>.] - ETA: 0s - loss: 0.0533 - acc: 0.9837
930/937 [============================>.] - ETA: 0s - loss: 0.0532 - acc: 0.9838
934/937 [============================>.] - ETA: 0s - loss: 0.0531 - acc: 0.9838
937/937 [==============================] - 15s 16ms/step - loss: 0.0531 - acc: 0.9838 - val_loss: 0.0197 - val_acc: 0.9929
Epoch 4/5

  1/937 [..............................] - ETA: 10s - loss: 0.0454 - acc: 0.9844
  4/937 [..............................] - ETA: 25s - loss: 0.0354 - acc: 0.9844
  7/937 [..............................] - ETA: 23s - loss: 0.0302 - acc: 0.9888
 10/937 [..............................] - ETA: 21s - loss: 0.0328 - acc: 0.9875
 14/937 [..............................] - ETA: 19s - loss: 0.0321 - acc: 0.9877
 18/937 [..............................] - ETA: 18s - loss: 0.0293 - acc: 0.9896
 22/937 [..............................] - ETA: 17s - loss: 0.0309 - acc: 0.9901
 26/937 [..............................] - ETA: 16s - loss: 0.0376 - acc: 0.9886
 30/937 [..............................] - ETA: 16s - loss: 0.0372 - acc: 0.9891
 34/937 [>.............................] - ETA: 16s - loss: 0.0414 - acc: 0.9862
 38/937 [>.............................] - ETA: 15s - loss: 0.0406 - acc: 0.9864
 42/937 [>.............................] - ETA: 15s - loss: 0.0418 - acc: 0.9859
 46/937 [>.............................] - ETA: 15s - loss: 0.0427 - acc: 0.9861
 50/937 [>.............................] - ETA: 15s - loss: 0.0421 - acc: 0.9859
 53/937 [>.............................] - ETA: 15s - loss: 0.0424 - acc: 0.9858
 57/937 [>.............................] - ETA: 14s - loss: 0.0449 - acc: 0.9852
 61/937 [>.............................] - ETA: 14s - loss: 0.0446 - acc: 0.9849
 65/937 [=>............................] - ETA: 14s - loss: 0.0446 - acc: 0.9849
 69/937 [=>............................] - ETA: 14s - loss: 0.0462 - acc: 0.9841
 73/937 [=>............................] - ETA: 14s - loss: 0.0443 - acc: 0.9848
 77/937 [=>............................] - ETA: 13s - loss: 0.0440 - acc: 0.9846
 81/937 [=>............................] - ETA: 13s - loss: 0.0474 - acc: 0.9844
 85/937 [=>............................] - ETA: 13s - loss: 0.0488 - acc: 0.9838
 89/937 [=>............................] - ETA: 13s - loss: 0.0494 - acc: 0.9837
 93/937 [=>............................] - ETA: 13s - loss: 0.0491 - acc: 0.9839
 97/937 [==>...........................] - ETA: 13s - loss: 0.0498 - acc: 0.9836
101/937 [==>...........................] - ETA: 13s - loss: 0.0494 - acc: 0.9836
105/937 [==>...........................] - ETA: 13s - loss: 0.0505 - acc: 0.9832
109/937 [==>...........................] - ETA: 12s - loss: 0.0509 - acc: 0.9832
113/937 [==>...........................] - ETA: 12s - loss: 0.0513 - acc: 0.9830
117/937 [==>...........................] - ETA: 12s - loss: 0.0507 - acc: 0.9833
121/937 [==>...........................] - ETA: 12s - loss: 0.0497 - acc: 0.9835
125/937 [===>..........................] - ETA: 12s - loss: 0.0498 - acc: 0.9836
129/937 [===>..........................] - ETA: 12s - loss: 0.0487 - acc: 0.9840
133/937 [===>..........................] - ETA: 12s - loss: 0.0475 - acc: 0.9844
137/937 [===>..........................] - ETA: 12s - loss: 0.0475 - acc: 0.9843
141/937 [===>..........................] - ETA: 12s - loss: 0.0468 - acc: 0.9845
145/937 [===>..........................] - ETA: 12s - loss: 0.0467 - acc: 0.9846
149/937 [===>..........................] - ETA: 12s - loss: 0.0461 - acc: 0.9846
153/937 [===>..........................] - ETA: 11s - loss: 0.0455 - acc: 0.9847
157/937 [====>.........................] - ETA: 11s - loss: 0.0451 - acc: 0.9849
161/937 [====>.........................] - ETA: 11s - loss: 0.0445 - acc: 0.9852
165/937 [====>.........................] - ETA: 11s - loss: 0.0456 - acc: 0.9848
169/937 [====>.........................] - ETA: 11s - loss: 0.0456 - acc: 0.9847
173/937 [====>.........................] - ETA: 11s - loss: 0.0451 - acc: 0.9847
177/937 [====>.........................] - ETA: 11s - loss: 0.0445 - acc: 0.9848
181/937 [====>.........................] - ETA: 11s - loss: 0.0445 - acc: 0.9847
185/937 [====>.........................] - ETA: 11s - loss: 0.0442 - acc: 0.9848
189/937 [=====>........................] - ETA: 11s - loss: 0.0441 - acc: 0.9848
193/937 [=====>........................] - ETA: 11s - loss: 0.0439 - acc: 0.9847
197/937 [=====>........................] - ETA: 11s - loss: 0.0434 - acc: 0.9848
201/937 [=====>........................] - ETA: 11s - loss: 0.0435 - acc: 0.9848
205/937 [=====>........................] - ETA: 10s - loss: 0.0433 - acc: 0.9848
209/937 [=====>........................] - ETA: 10s - loss: 0.0436 - acc: 0.9847
213/937 [=====>........................] - ETA: 10s - loss: 0.0442 - acc: 0.9846
217/937 [=====>........................] - ETA: 10s - loss: 0.0444 - acc: 0.9844
221/937 [======>.......................] - ETA: 10s - loss: 0.0444 - acc: 0.9844
225/937 [======>.......................] - ETA: 10s - loss: 0.0443 - acc: 0.9844
229/937 [======>.......................] - ETA: 10s - loss: 0.0442 - acc: 0.9844
233/937 [======>.......................] - ETA: 10s - loss: 0.0436 - acc: 0.9846
237/937 [======>.......................] - ETA: 10s - loss: 0.0438 - acc: 0.9845
241/937 [======>.......................] - ETA: 10s - loss: 0.0435 - acc: 0.9846
245/937 [======>.......................] - ETA: 10s - loss: 0.0438 - acc: 0.9846
249/937 [======>.......................] - ETA: 10s - loss: 0.0435 - acc: 0.9847
253/937 [=======>......................] - ETA: 10s - loss: 0.0430 - acc: 0.9849
257/937 [=======>......................] - ETA: 10s - loss: 0.0427 - acc: 0.9850
261/937 [=======>......................] - ETA: 10s - loss: 0.0427 - acc: 0.9849
265/937 [=======>......................] - ETA: 9s - loss: 0.0426 - acc: 0.9850 
269/937 [=======>......................] - ETA: 9s - loss: 0.0423 - acc: 0.9851
273/937 [=======>......................] - ETA: 9s - loss: 0.0419 - acc: 0.9852
277/937 [=======>......................] - ETA: 9s - loss: 0.0416 - acc: 0.9854
281/937 [=======>......................] - ETA: 9s - loss: 0.0416 - acc: 0.9853
285/937 [========>.....................] - ETA: 9s - loss: 0.0413 - acc: 0.9854
289/937 [========>.....................] - ETA: 9s - loss: 0.0411 - acc: 0.9855
293/937 [========>.....................] - ETA: 9s - loss: 0.0411 - acc: 0.9855
297/937 [========>.....................] - ETA: 9s - loss: 0.0411 - acc: 0.9855
301/937 [========>.....................] - ETA: 9s - loss: 0.0410 - acc: 0.9855
305/937 [========>.....................] - ETA: 9s - loss: 0.0408 - acc: 0.9855
309/937 [========>.....................] - ETA: 9s - loss: 0.0406 - acc: 0.9855
313/937 [=========>....................] - ETA: 9s - loss: 0.0409 - acc: 0.9856
317/937 [=========>....................] - ETA: 9s - loss: 0.0408 - acc: 0.9857
321/937 [=========>....................] - ETA: 9s - loss: 0.0413 - acc: 0.9856
325/937 [=========>....................] - ETA: 9s - loss: 0.0417 - acc: 0.9854
329/937 [=========>....................] - ETA: 8s - loss: 0.0419 - acc: 0.9854
333/937 [=========>....................] - ETA: 8s - loss: 0.0418 - acc: 0.9854
337/937 [=========>....................] - ETA: 8s - loss: 0.0425 - acc: 0.9852
341/937 [=========>....................] - ETA: 8s - loss: 0.0428 - acc: 0.9851
345/937 [==========>...................] - ETA: 8s - loss: 0.0429 - acc: 0.9851
349/937 [==========>...................] - ETA: 8s - loss: 0.0428 - acc: 0.9850
353/937 [==========>...................] - ETA: 8s - loss: 0.0430 - acc: 0.9850
357/937 [==========>...................] - ETA: 8s - loss: 0.0429 - acc: 0.9849
361/937 [==========>...................] - ETA: 8s - loss: 0.0428 - acc: 0.9849
365/937 [==========>...................] - ETA: 8s - loss: 0.0425 - acc: 0.9850
369/937 [==========>...................] - ETA: 8s - loss: 0.0431 - acc: 0.9850
373/937 [==========>...................] - ETA: 8s - loss: 0.0432 - acc: 0.9850
377/937 [===========>..................] - ETA: 8s - loss: 0.0437 - acc: 0.9849
381/937 [===========>..................] - ETA: 8s - loss: 0.0434 - acc: 0.9851
385/937 [===========>..................] - ETA: 8s - loss: 0.0433 - acc: 0.9851
389/937 [===========>..................] - ETA: 8s - loss: 0.0437 - acc: 0.9850
393/937 [===========>..................] - ETA: 7s - loss: 0.0440 - acc: 0.9851
397/937 [===========>..................] - ETA: 7s - loss: 0.0443 - acc: 0.9849
401/937 [===========>..................] - ETA: 7s - loss: 0.0440 - acc: 0.9850
405/937 [===========>..................] - ETA: 7s - loss: 0.0438 - acc: 0.9851
409/937 [============>.................] - ETA: 7s - loss: 0.0435 - acc: 0.9852
413/937 [============>.................] - ETA: 7s - loss: 0.0433 - acc: 0.9853
417/937 [============>.................] - ETA: 7s - loss: 0.0431 - acc: 0.9854
421/937 [============>.................] - ETA: 7s - loss: 0.0432 - acc: 0.9854
425/937 [============>.................] - ETA: 7s - loss: 0.0431 - acc: 0.9854
429/937 [============>.................] - ETA: 7s - loss: 0.0434 - acc: 0.9854
433/937 [============>.................] - ETA: 7s - loss: 0.0433 - acc: 0.9854
437/937 [============>.................] - ETA: 7s - loss: 0.0433 - acc: 0.9854
441/937 [=============>................] - ETA: 7s - loss: 0.0433 - acc: 0.9854
445/937 [=============>................] - ETA: 7s - loss: 0.0437 - acc: 0.9852
449/937 [=============>................] - ETA: 7s - loss: 0.0436 - acc: 0.9852
453/937 [=============>................] - ETA: 7s - loss: 0.0439 - acc: 0.9852
457/937 [=============>................] - ETA: 6s - loss: 0.0437 - acc: 0.9853
461/937 [=============>................] - ETA: 6s - loss: 0.0436 - acc: 0.9854
465/937 [=============>................] - ETA: 6s - loss: 0.0435 - acc: 0.9854
468/937 [=============>................] - ETA: 6s - loss: 0.0435 - acc: 0.9854
471/937 [==============>...............] - ETA: 6s - loss: 0.0435 - acc: 0.9854
475/937 [==============>...............] - ETA: 6s - loss: 0.0432 - acc: 0.9855
479/937 [==============>...............] - ETA: 6s - loss: 0.0432 - acc: 0.9856
483/937 [==============>...............] - ETA: 6s - loss: 0.0433 - acc: 0.9856
487/937 [==============>...............] - ETA: 6s - loss: 0.0432 - acc: 0.9856
491/937 [==============>...............] - ETA: 6s - loss: 0.0430 - acc: 0.9857
495/937 [==============>...............] - ETA: 6s - loss: 0.0431 - acc: 0.9857
499/937 [==============>...............] - ETA: 6s - loss: 0.0433 - acc: 0.9857
503/937 [===============>..............] - ETA: 6s - loss: 0.0431 - acc: 0.9858
507/937 [===============>..............] - ETA: 6s - loss: 0.0430 - acc: 0.9858
511/937 [===============>..............] - ETA: 6s - loss: 0.0432 - acc: 0.9858
515/937 [===============>..............] - ETA: 6s - loss: 0.0432 - acc: 0.9857
519/937 [===============>..............] - ETA: 6s - loss: 0.0430 - acc: 0.9858
523/937 [===============>..............] - ETA: 6s - loss: 0.0428 - acc: 0.9858
527/937 [===============>..............] - ETA: 6s - loss: 0.0428 - acc: 0.9859
531/937 [================>.............] - ETA: 5s - loss: 0.0427 - acc: 0.9859
535/937 [================>.............] - ETA: 5s - loss: 0.0425 - acc: 0.9860
539/937 [================>.............] - ETA: 5s - loss: 0.0428 - acc: 0.9859
543/937 [================>.............] - ETA: 5s - loss: 0.0432 - acc: 0.9858
547/937 [================>.............] - ETA: 5s - loss: 0.0432 - acc: 0.9858
551/937 [================>.............] - ETA: 5s - loss: 0.0434 - acc: 0.9858
555/937 [================>.............] - ETA: 5s - loss: 0.0433 - acc: 0.9858
559/937 [================>.............] - ETA: 5s - loss: 0.0433 - acc: 0.9859
563/937 [=================>............] - ETA: 5s - loss: 0.0432 - acc: 0.9859
567/937 [=================>............] - ETA: 5s - loss: 0.0433 - acc: 0.9858
571/937 [=================>............] - ETA: 5s - loss: 0.0432 - acc: 0.9859
575/937 [=================>............] - ETA: 5s - loss: 0.0432 - acc: 0.9859
579/937 [=================>............] - ETA: 5s - loss: 0.0431 - acc: 0.9860
583/937 [=================>............] - ETA: 5s - loss: 0.0432 - acc: 0.9859
587/937 [=================>............] - ETA: 5s - loss: 0.0430 - acc: 0.9860
591/937 [=================>............] - ETA: 5s - loss: 0.0429 - acc: 0.9860
595/937 [==================>...........] - ETA: 5s - loss: 0.0431 - acc: 0.9860
599/937 [==================>...........] - ETA: 4s - loss: 0.0432 - acc: 0.9859
603/937 [==================>...........] - ETA: 4s - loss: 0.0433 - acc: 0.9860
607/937 [==================>...........] - ETA: 4s - loss: 0.0433 - acc: 0.9860
611/937 [==================>...........] - ETA: 4s - loss: 0.0433 - acc: 0.9860
615/937 [==================>...........] - ETA: 4s - loss: 0.0432 - acc: 0.9860
619/937 [==================>...........] - ETA: 4s - loss: 0.0431 - acc: 0.9861
623/937 [==================>...........] - ETA: 4s - loss: 0.0430 - acc: 0.9861
627/937 [===================>..........] - ETA: 4s - loss: 0.0430 - acc: 0.9861
631/937 [===================>..........] - ETA: 4s - loss: 0.0433 - acc: 0.9860
635/937 [===================>..........] - ETA: 4s - loss: 0.0433 - acc: 0.9860
639/937 [===================>..........] - ETA: 4s - loss: 0.0433 - acc: 0.9860
643/937 [===================>..........] - ETA: 4s - loss: 0.0434 - acc: 0.9859
647/937 [===================>..........] - ETA: 4s - loss: 0.0436 - acc: 0.9859
651/937 [===================>..........] - ETA: 4s - loss: 0.0434 - acc: 0.9860
655/937 [===================>..........] - ETA: 4s - loss: 0.0436 - acc: 0.9860
659/937 [====================>.........] - ETA: 4s - loss: 0.0437 - acc: 0.9860
663/937 [====================>.........] - ETA: 3s - loss: 0.0437 - acc: 0.9860
667/937 [====================>.........] - ETA: 3s - loss: 0.0436 - acc: 0.9860
671/937 [====================>.........] - ETA: 3s - loss: 0.0438 - acc: 0.9859
675/937 [====================>.........] - ETA: 3s - loss: 0.0436 - acc: 0.9860
679/937 [====================>.........] - ETA: 3s - loss: 0.0440 - acc: 0.9860
683/937 [====================>.........] - ETA: 3s - loss: 0.0441 - acc: 0.9860
687/937 [====================>.........] - ETA: 3s - loss: 0.0443 - acc: 0.9859
691/937 [=====================>........] - ETA: 3s - loss: 0.0443 - acc: 0.9860
695/937 [=====================>........] - ETA: 3s - loss: 0.0442 - acc: 0.9860
699/937 [=====================>........] - ETA: 3s - loss: 0.0442 - acc: 0.9860
703/937 [=====================>........] - ETA: 3s - loss: 0.0441 - acc: 0.9860
707/937 [=====================>........] - ETA: 3s - loss: 0.0440 - acc: 0.9861
711/937 [=====================>........] - ETA: 3s - loss: 0.0440 - acc: 0.9861
715/937 [=====================>........] - ETA: 3s - loss: 0.0439 - acc: 0.9861
719/937 [======================>.......] - ETA: 3s - loss: 0.0438 - acc: 0.9862
723/937 [======================>.......] - ETA: 3s - loss: 0.0439 - acc: 0.9861
727/937 [======================>.......] - ETA: 3s - loss: 0.0439 - acc: 0.9861
731/937 [======================>.......] - ETA: 2s - loss: 0.0438 - acc: 0.9861
735/937 [======================>.......] - ETA: 2s - loss: 0.0437 - acc: 0.9862
739/937 [======================>.......] - ETA: 2s - loss: 0.0437 - acc: 0.9862
743/937 [======================>.......] - ETA: 2s - loss: 0.0436 - acc: 0.9862
747/937 [======================>.......] - ETA: 2s - loss: 0.0436 - acc: 0.9863
751/937 [=======================>......] - ETA: 2s - loss: 0.0437 - acc: 0.9862
755/937 [=======================>......] - ETA: 2s - loss: 0.0436 - acc: 0.9862
759/937 [=======================>......] - ETA: 2s - loss: 0.0436 - acc: 0.9863
763/937 [=======================>......] - ETA: 2s - loss: 0.0436 - acc: 0.9863
767/937 [=======================>......] - ETA: 2s - loss: 0.0435 - acc: 0.9863
771/937 [=======================>......] - ETA: 2s - loss: 0.0434 - acc: 0.9863
775/937 [=======================>......] - ETA: 2s - loss: 0.0435 - acc: 0.9863
779/937 [=======================>......] - ETA: 2s - loss: 0.0435 - acc: 0.9863
783/937 [========================>.....] - ETA: 2s - loss: 0.0434 - acc: 0.9863
787/937 [========================>.....] - ETA: 2s - loss: 0.0434 - acc: 0.9863
791/937 [========================>.....] - ETA: 2s - loss: 0.0435 - acc: 0.9863
795/937 [========================>.....] - ETA: 2s - loss: 0.0434 - acc: 0.9863
799/937 [========================>.....] - ETA: 1s - loss: 0.0436 - acc: 0.9863
803/937 [========================>.....] - ETA: 1s - loss: 0.0437 - acc: 0.9863
807/937 [========================>.....] - ETA: 1s - loss: 0.0440 - acc: 0.9862
811/937 [========================>.....] - ETA: 1s - loss: 0.0440 - acc: 0.9861
815/937 [=========================>....] - ETA: 1s - loss: 0.0440 - acc: 0.9862
819/937 [=========================>....] - ETA: 1s - loss: 0.0442 - acc: 0.9861
823/937 [=========================>....] - ETA: 1s - loss: 0.0442 - acc: 0.9861
827/937 [=========================>....] - ETA: 1s - loss: 0.0442 - acc: 0.9861
831/937 [=========================>....] - ETA: 1s - loss: 0.0443 - acc: 0.9860
835/937 [=========================>....] - ETA: 1s - loss: 0.0442 - acc: 0.9860
839/937 [=========================>....] - ETA: 1s - loss: 0.0442 - acc: 0.9861
843/937 [=========================>....] - ETA: 1s - loss: 0.0442 - acc: 0.9861
847/937 [==========================>...] - ETA: 1s - loss: 0.0442 - acc: 0.9861
851/937 [==========================>...] - ETA: 1s - loss: 0.0441 - acc: 0.9861
855/937 [==========================>...] - ETA: 1s - loss: 0.0440 - acc: 0.9861
859/937 [==========================>...] - ETA: 1s - loss: 0.0440 - acc: 0.9861
863/937 [==========================>...] - ETA: 1s - loss: 0.0439 - acc: 0.9861
867/937 [==========================>...] - ETA: 1s - loss: 0.0442 - acc: 0.9861
871/937 [==========================>...] - ETA: 0s - loss: 0.0443 - acc: 0.9860
875/937 [===========================>..] - ETA: 0s - loss: 0.0442 - acc: 0.9860
879/937 [===========================>..] - ETA: 0s - loss: 0.0443 - acc: 0.9860
883/937 [===========================>..] - ETA: 0s - loss: 0.0442 - acc: 0.9860
887/937 [===========================>..] - ETA: 0s - loss: 0.0443 - acc: 0.9860
891/937 [===========================>..] - ETA: 0s - loss: 0.0442 - acc: 0.9860
895/937 [===========================>..] - ETA: 0s - loss: 0.0442 - acc: 0.9860
899/937 [===========================>..] - ETA: 0s - loss: 0.0441 - acc: 0.9860
903/937 [===========================>..] - ETA: 0s - loss: 0.0441 - acc: 0.9861
907/937 [============================>.] - ETA: 0s - loss: 0.0442 - acc: 0.9860
911/937 [============================>.] - ETA: 0s - loss: 0.0442 - acc: 0.9860
915/937 [============================>.] - ETA: 0s - loss: 0.0441 - acc: 0.9860
919/937 [============================>.] - ETA: 0s - loss: 0.0440 - acc: 0.9861
923/937 [============================>.] - ETA: 0s - loss: 0.0441 - acc: 0.9861
927/937 [============================>.] - ETA: 0s - loss: 0.0441 - acc: 0.9861
931/937 [============================>.] - ETA: 0s - loss: 0.0441 - acc: 0.9861
935/937 [============================>.] - ETA: 0s - loss: 0.0440 - acc: 0.9862
937/937 [==============================] - 14s 15ms/step - loss: 0.0441 - acc: 0.9862 - val_loss: 0.0184 - val_acc: 0.9937
Epoch 5/5

  1/937 [..............................] - ETA: 11s - loss: 0.0105 - acc: 1.0000
  5/937 [..............................] - ETA: 29s - loss: 0.0673 - acc: 0.9906
  8/937 [..............................] - ETA: 26s - loss: 0.0505 - acc: 0.9922
 11/937 [..............................] - ETA: 23s - loss: 0.0395 - acc: 0.9943
 14/937 [..............................] - ETA: 21s - loss: 0.0387 - acc: 0.9933
 17/937 [..............................] - ETA: 20s - loss: 0.0369 - acc: 0.9926
 21/937 [..............................] - ETA: 19s - loss: 0.0350 - acc: 0.9918
 24/937 [..............................] - ETA: 19s - loss: 0.0344 - acc: 0.9915
 27/937 [..............................] - ETA: 19s - loss: 0.0397 - acc: 0.9896
 30/937 [..............................] - ETA: 18s - loss: 0.0405 - acc: 0.9896
 34/937 [>.............................] - ETA: 18s - loss: 0.0370 - acc: 0.9903
 38/937 [>.............................] - ETA: 17s - loss: 0.0379 - acc: 0.9897
 42/937 [>.............................] - ETA: 17s - loss: 0.0374 - acc: 0.9903
 46/937 [>.............................] - ETA: 17s - loss: 0.0354 - acc: 0.9905
 50/937 [>.............................] - ETA: 16s - loss: 0.0343 - acc: 0.9906
 54/937 [>.............................] - ETA: 16s - loss: 0.0347 - acc: 0.9902
 58/937 [>.............................] - ETA: 16s - loss: 0.0344 - acc: 0.9903
 62/937 [>.............................] - ETA: 16s - loss: 0.0339 - acc: 0.9904
 66/937 [=>............................] - ETA: 15s - loss: 0.0346 - acc: 0.9903
 70/937 [=>............................] - ETA: 15s - loss: 0.0336 - acc: 0.9902
 74/937 [=>............................] - ETA: 15s - loss: 0.0377 - acc: 0.9890
 78/937 [=>............................] - ETA: 15s - loss: 0.0369 - acc: 0.9892
 82/937 [=>............................] - ETA: 15s - loss: 0.0367 - acc: 0.9891
 86/937 [=>............................] - ETA: 14s - loss: 0.0378 - acc: 0.9889
 90/937 [=>............................] - ETA: 14s - loss: 0.0375 - acc: 0.9889
 94/937 [==>...........................] - ETA: 14s - loss: 0.0367 - acc: 0.9889
 98/937 [==>...........................] - ETA: 14s - loss: 0.0358 - acc: 0.9890
102/937 [==>...........................] - ETA: 14s - loss: 0.0356 - acc: 0.9891
106/937 [==>...........................] - ETA: 13s - loss: 0.0374 - acc: 0.9886
110/937 [==>...........................] - ETA: 13s - loss: 0.0366 - acc: 0.9888
114/937 [==>...........................] - ETA: 13s - loss: 0.0361 - acc: 0.9890
118/937 [==>...........................] - ETA: 13s - loss: 0.0361 - acc: 0.9890
122/937 [==>...........................] - ETA: 13s - loss: 0.0361 - acc: 0.9890
126/937 [===>..........................] - ETA: 13s - loss: 0.0365 - acc: 0.9888
130/937 [===>..........................] - ETA: 13s - loss: 0.0360 - acc: 0.9889
134/937 [===>..........................] - ETA: 13s - loss: 0.0355 - acc: 0.9890
138/937 [===>..........................] - ETA: 12s - loss: 0.0355 - acc: 0.9889
142/937 [===>..........................] - ETA: 12s - loss: 0.0353 - acc: 0.9890
146/937 [===>..........................] - ETA: 12s - loss: 0.0357 - acc: 0.9888
150/937 [===>..........................] - ETA: 12s - loss: 0.0350 - acc: 0.9891
154/937 [===>..........................] - ETA: 12s - loss: 0.0346 - acc: 0.9891
158/937 [====>.........................] - ETA: 12s - loss: 0.0346 - acc: 0.9892
162/937 [====>.........................] - ETA: 12s - loss: 0.0344 - acc: 0.9892
166/937 [====>.........................] - ETA: 12s - loss: 0.0337 - acc: 0.9895
170/937 [====>.........................] - ETA: 12s - loss: 0.0333 - acc: 0.9895
174/937 [====>.........................] - ETA: 12s - loss: 0.0329 - acc: 0.9895
178/937 [====>.........................] - ETA: 11s - loss: 0.0324 - acc: 0.9897
182/937 [====>.........................] - ETA: 11s - loss: 0.0335 - acc: 0.9896
186/937 [====>.........................] - ETA: 11s - loss: 0.0345 - acc: 0.9893
190/937 [=====>........................] - ETA: 11s - loss: 0.0344 - acc: 0.9893
194/937 [=====>........................] - ETA: 11s - loss: 0.0349 - acc: 0.9892
198/937 [=====>........................] - ETA: 11s - loss: 0.0350 - acc: 0.9893
202/937 [=====>........................] - ETA: 11s - loss: 0.0354 - acc: 0.9891
206/937 [=====>........................] - ETA: 11s - loss: 0.0369 - acc: 0.9888
210/937 [=====>........................] - ETA: 11s - loss: 0.0377 - acc: 0.9886
214/937 [=====>........................] - ETA: 11s - loss: 0.0387 - acc: 0.9882
218/937 [=====>........................] - ETA: 11s - loss: 0.0384 - acc: 0.9884
222/937 [======>.......................] - ETA: 11s - loss: 0.0382 - acc: 0.9884
226/937 [======>.......................] - ETA: 11s - loss: 0.0381 - acc: 0.9885
230/937 [======>.......................] - ETA: 10s - loss: 0.0387 - acc: 0.9883
234/937 [======>.......................] - ETA: 10s - loss: 0.0394 - acc: 0.9880
238/937 [======>.......................] - ETA: 10s - loss: 0.0399 - acc: 0.9879
242/937 [======>.......................] - ETA: 10s - loss: 0.0396 - acc: 0.9880
246/937 [======>.......................] - ETA: 10s - loss: 0.0393 - acc: 0.9881
250/937 [=======>......................] - ETA: 10s - loss: 0.0390 - acc: 0.9881
254/937 [=======>......................] - ETA: 10s - loss: 0.0388 - acc: 0.9883
258/937 [=======>......................] - ETA: 10s - loss: 0.0388 - acc: 0.9883
262/937 [=======>......................] - ETA: 10s - loss: 0.0389 - acc: 0.9884
266/937 [=======>......................] - ETA: 10s - loss: 0.0390 - acc: 0.9884
270/937 [=======>......................] - ETA: 10s - loss: 0.0393 - acc: 0.9882
274/937 [=======>......................] - ETA: 10s - loss: 0.0396 - acc: 0.9881
278/937 [=======>......................] - ETA: 10s - loss: 0.0398 - acc: 0.9880
282/937 [========>.....................] - ETA: 9s - loss: 0.0403 - acc: 0.9880 
286/937 [========>.....................] - ETA: 9s - loss: 0.0399 - acc: 0.9881
290/937 [========>.....................] - ETA: 9s - loss: 0.0398 - acc: 0.9882
294/937 [========>.....................] - ETA: 9s - loss: 0.0400 - acc: 0.9881
298/937 [========>.....................] - ETA: 9s - loss: 0.0398 - acc: 0.9882
302/937 [========>.....................] - ETA: 9s - loss: 0.0397 - acc: 0.9882
306/937 [========>.....................] - ETA: 9s - loss: 0.0399 - acc: 0.9881
310/937 [========>.....................] - ETA: 9s - loss: 0.0399 - acc: 0.9880
314/937 [=========>....................] - ETA: 9s - loss: 0.0401 - acc: 0.9879
318/937 [=========>....................] - ETA: 9s - loss: 0.0401 - acc: 0.9879
322/937 [=========>....................] - ETA: 9s - loss: 0.0400 - acc: 0.9880
326/937 [=========>....................] - ETA: 9s - loss: 0.0400 - acc: 0.9880
330/937 [=========>....................] - ETA: 9s - loss: 0.0398 - acc: 0.9880
334/937 [=========>....................] - ETA: 9s - loss: 0.0403 - acc: 0.9877
338/937 [=========>....................] - ETA: 9s - loss: 0.0401 - acc: 0.9878
342/937 [=========>....................] - ETA: 8s - loss: 0.0400 - acc: 0.9878
346/937 [==========>...................] - ETA: 8s - loss: 0.0398 - acc: 0.9879
350/937 [==========>...................] - ETA: 8s - loss: 0.0399 - acc: 0.9879
354/937 [==========>...................] - ETA: 8s - loss: 0.0397 - acc: 0.9880
358/937 [==========>...................] - ETA: 8s - loss: 0.0400 - acc: 0.9879
362/937 [==========>...................] - ETA: 8s - loss: 0.0399 - acc: 0.9879
366/937 [==========>...................] - ETA: 8s - loss: 0.0403 - acc: 0.9879
370/937 [==========>...................] - ETA: 8s - loss: 0.0400 - acc: 0.9880
374/937 [==========>...................] - ETA: 8s - loss: 0.0398 - acc: 0.9881
378/937 [===========>..................] - ETA: 8s - loss: 0.0397 - acc: 0.9881
382/937 [===========>..................] - ETA: 8s - loss: 0.0399 - acc: 0.9881
386/937 [===========>..................] - ETA: 8s - loss: 0.0397 - acc: 0.9881
390/937 [===========>..................] - ETA: 8s - loss: 0.0402 - acc: 0.9881
394/937 [===========>..................] - ETA: 8s - loss: 0.0400 - acc: 0.9881
398/937 [===========>..................] - ETA: 8s - loss: 0.0402 - acc: 0.9879
402/937 [===========>..................] - ETA: 7s - loss: 0.0403 - acc: 0.9880
406/937 [===========>..................] - ETA: 7s - loss: 0.0402 - acc: 0.9880
410/937 [============>.................] - ETA: 7s - loss: 0.0402 - acc: 0.9880
414/937 [============>.................] - ETA: 7s - loss: 0.0401 - acc: 0.9880
418/937 [============>.................] - ETA: 7s - loss: 0.0402 - acc: 0.9880
422/937 [============>.................] - ETA: 7s - loss: 0.0404 - acc: 0.9879
426/937 [============>.................] - ETA: 7s - loss: 0.0403 - acc: 0.9879
430/937 [============>.................] - ETA: 7s - loss: 0.0407 - acc: 0.9878
434/937 [============>.................] - ETA: 7s - loss: 0.0404 - acc: 0.9879
438/937 [=============>................] - ETA: 7s - loss: 0.0407 - acc: 0.9879
442/937 [=============>................] - ETA: 7s - loss: 0.0406 - acc: 0.9879
446/937 [=============>................] - ETA: 7s - loss: 0.0407 - acc: 0.9877
450/937 [=============>................] - ETA: 7s - loss: 0.0406 - acc: 0.9877
454/937 [=============>................] - ETA: 7s - loss: 0.0406 - acc: 0.9877
458/937 [=============>................] - ETA: 7s - loss: 0.0406 - acc: 0.9877
462/937 [=============>................] - ETA: 7s - loss: 0.0406 - acc: 0.9877
466/937 [=============>................] - ETA: 6s - loss: 0.0407 - acc: 0.9876
470/937 [==============>...............] - ETA: 6s - loss: 0.0407 - acc: 0.9876
474/937 [==============>...............] - ETA: 6s - loss: 0.0405 - acc: 0.9876
478/937 [==============>...............] - ETA: 6s - loss: 0.0404 - acc: 0.9877
482/937 [==============>...............] - ETA: 6s - loss: 0.0404 - acc: 0.9877
486/937 [==============>...............] - ETA: 6s - loss: 0.0404 - acc: 0.9877
490/937 [==============>...............] - ETA: 6s - loss: 0.0402 - acc: 0.9877
494/937 [==============>...............] - ETA: 6s - loss: 0.0402 - acc: 0.9878
498/937 [==============>...............] - ETA: 6s - loss: 0.0401 - acc: 0.9878
502/937 [===============>..............] - ETA: 6s - loss: 0.0398 - acc: 0.9879
506/937 [===============>..............] - ETA: 6s - loss: 0.0395 - acc: 0.9880
510/937 [===============>..............] - ETA: 6s - loss: 0.0394 - acc: 0.9880
514/937 [===============>..............] - ETA: 6s - loss: 0.0393 - acc: 0.9880
518/937 [===============>..............] - ETA: 6s - loss: 0.0393 - acc: 0.9880
522/937 [===============>..............] - ETA: 6s - loss: 0.0392 - acc: 0.9880
526/937 [===============>..............] - ETA: 6s - loss: 0.0393 - acc: 0.9880
530/937 [===============>..............] - ETA: 5s - loss: 0.0391 - acc: 0.9881
534/937 [================>.............] - ETA: 5s - loss: 0.0390 - acc: 0.9881
538/937 [================>.............] - ETA: 5s - loss: 0.0388 - acc: 0.9882
542/937 [================>.............] - ETA: 5s - loss: 0.0390 - acc: 0.9881
546/937 [================>.............] - ETA: 5s - loss: 0.0390 - acc: 0.9881
550/937 [================>.............] - ETA: 5s - loss: 0.0390 - acc: 0.9880
554/937 [================>.............] - ETA: 5s - loss: 0.0393 - acc: 0.9879
558/937 [================>.............] - ETA: 5s - loss: 0.0392 - acc: 0.9880
562/937 [================>.............] - ETA: 5s - loss: 0.0390 - acc: 0.9880
566/937 [=================>............] - ETA: 5s - loss: 0.0390 - acc: 0.9880
570/937 [=================>............] - ETA: 5s - loss: 0.0391 - acc: 0.9880
574/937 [=================>............] - ETA: 5s - loss: 0.0392 - acc: 0.9880
578/937 [=================>............] - ETA: 5s - loss: 0.0393 - acc: 0.9879
582/937 [=================>............] - ETA: 5s - loss: 0.0396 - acc: 0.9879
586/937 [=================>............] - ETA: 5s - loss: 0.0397 - acc: 0.9879
590/937 [=================>............] - ETA: 5s - loss: 0.0399 - acc: 0.9878
594/937 [==================>...........] - ETA: 5s - loss: 0.0399 - acc: 0.9878
598/937 [==================>...........] - ETA: 4s - loss: 0.0399 - acc: 0.9877
602/937 [==================>...........] - ETA: 4s - loss: 0.0404 - acc: 0.9876
606/937 [==================>...........] - ETA: 4s - loss: 0.0403 - acc: 0.9877
610/937 [==================>...........] - ETA: 4s - loss: 0.0401 - acc: 0.9877
614/937 [==================>...........] - ETA: 4s - loss: 0.0401 - acc: 0.9877
618/937 [==================>...........] - ETA: 4s - loss: 0.0400 - acc: 0.9877
622/937 [==================>...........] - ETA: 4s - loss: 0.0404 - acc: 0.9876
626/937 [===================>..........] - ETA: 4s - loss: 0.0402 - acc: 0.9877
630/937 [===================>..........] - ETA: 4s - loss: 0.0405 - acc: 0.9876
634/937 [===================>..........] - ETA: 4s - loss: 0.0403 - acc: 0.9877
638/937 [===================>..........] - ETA: 4s - loss: 0.0403 - acc: 0.9877
642/937 [===================>..........] - ETA: 4s - loss: 0.0401 - acc: 0.9877
646/937 [===================>..........] - ETA: 4s - loss: 0.0402 - acc: 0.9877
650/937 [===================>..........] - ETA: 4s - loss: 0.0401 - acc: 0.9877
654/937 [===================>..........] - ETA: 4s - loss: 0.0402 - acc: 0.9877
658/937 [====================>.........] - ETA: 4s - loss: 0.0402 - acc: 0.9877
662/937 [====================>.........] - ETA: 4s - loss: 0.0401 - acc: 0.9877
666/937 [====================>.........] - ETA: 3s - loss: 0.0405 - acc: 0.9876
670/937 [====================>.........] - ETA: 3s - loss: 0.0403 - acc: 0.9876
674/937 [====================>.........] - ETA: 3s - loss: 0.0405 - acc: 0.9876
678/937 [====================>.........] - ETA: 3s - loss: 0.0406 - acc: 0.9876
682/937 [====================>.........] - ETA: 3s - loss: 0.0406 - acc: 0.9875
686/937 [====================>.........] - ETA: 3s - loss: 0.0406 - acc: 0.9875
690/937 [=====================>........] - ETA: 3s - loss: 0.0406 - acc: 0.9875
694/937 [=====================>........] - ETA: 3s - loss: 0.0407 - acc: 0.9875
698/937 [=====================>........] - ETA: 3s - loss: 0.0406 - acc: 0.9875
702/937 [=====================>........] - ETA: 3s - loss: 0.0404 - acc: 0.9876
706/937 [=====================>........] - ETA: 3s - loss: 0.0404 - acc: 0.9876
710/937 [=====================>........] - ETA: 3s - loss: 0.0404 - acc: 0.9876
714/937 [=====================>........] - ETA: 3s - loss: 0.0402 - acc: 0.9876
718/937 [=====================>........] - ETA: 3s - loss: 0.0403 - acc: 0.9876
722/937 [======================>.......] - ETA: 3s - loss: 0.0403 - acc: 0.9875
726/937 [======================>.......] - ETA: 3s - loss: 0.0403 - acc: 0.9876
730/937 [======================>.......] - ETA: 3s - loss: 0.0402 - acc: 0.9876
734/937 [======================>.......] - ETA: 2s - loss: 0.0402 - acc: 0.9876
738/937 [======================>.......] - ETA: 2s - loss: 0.0401 - acc: 0.9876
742/937 [======================>.......] - ETA: 2s - loss: 0.0401 - acc: 0.9876
746/937 [======================>.......] - ETA: 2s - loss: 0.0400 - acc: 0.9876
750/937 [=======================>......] - ETA: 2s - loss: 0.0399 - acc: 0.9876
754/937 [=======================>......] - ETA: 2s - loss: 0.0399 - acc: 0.9876
758/937 [=======================>......] - ETA: 2s - loss: 0.0398 - acc: 0.9876
762/937 [=======================>......] - ETA: 2s - loss: 0.0401 - acc: 0.9875
766/937 [=======================>......] - ETA: 2s - loss: 0.0400 - acc: 0.9875
770/937 [=======================>......] - ETA: 2s - loss: 0.0401 - acc: 0.9875
774/937 [=======================>......] - ETA: 2s - loss: 0.0401 - acc: 0.9875
778/937 [=======================>......] - ETA: 2s - loss: 0.0400 - acc: 0.9875
782/937 [========================>.....] - ETA: 2s - loss: 0.0399 - acc: 0.9876
786/937 [========================>.....] - ETA: 2s - loss: 0.0400 - acc: 0.9876
790/937 [========================>.....] - ETA: 2s - loss: 0.0400 - acc: 0.9876
794/937 [========================>.....] - ETA: 2s - loss: 0.0401 - acc: 0.9876
798/937 [========================>.....] - ETA: 2s - loss: 0.0400 - acc: 0.9876
802/937 [========================>.....] - ETA: 1s - loss: 0.0399 - acc: 0.9876
806/937 [========================>.....] - ETA: 1s - loss: 0.0399 - acc: 0.9877
810/937 [========================>.....] - ETA: 1s - loss: 0.0398 - acc: 0.9877
814/937 [=========================>....] - ETA: 1s - loss: 0.0399 - acc: 0.9877
818/937 [=========================>....] - ETA: 1s - loss: 0.0398 - acc: 0.9877
822/937 [=========================>....] - ETA: 1s - loss: 0.0398 - acc: 0.9877
826/937 [=========================>....] - ETA: 1s - loss: 0.0397 - acc: 0.9877
830/937 [=========================>....] - ETA: 1s - loss: 0.0399 - acc: 0.9877
834/937 [=========================>....] - ETA: 1s - loss: 0.0397 - acc: 0.9877
838/937 [=========================>....] - ETA: 1s - loss: 0.0401 - acc: 0.9877
842/937 [=========================>....] - ETA: 1s - loss: 0.0400 - acc: 0.9877
846/937 [==========================>...] - ETA: 1s - loss: 0.0399 - acc: 0.9877
850/937 [==========================>...] - ETA: 1s - loss: 0.0398 - acc: 0.9877
854/937 [==========================>...] - ETA: 1s - loss: 0.0398 - acc: 0.9877
858/937 [==========================>...] - ETA: 1s - loss: 0.0398 - acc: 0.9877
862/937 [==========================>...] - ETA: 1s - loss: 0.0397 - acc: 0.9877
866/937 [==========================>...] - ETA: 1s - loss: 0.0396 - acc: 0.9877
870/937 [==========================>...] - ETA: 0s - loss: 0.0395 - acc: 0.9878
874/937 [==========================>...] - ETA: 0s - loss: 0.0397 - acc: 0.9877
878/937 [===========================>..] - ETA: 0s - loss: 0.0399 - acc: 0.9876
882/937 [===========================>..] - ETA: 0s - loss: 0.0399 - acc: 0.9876
886/937 [===========================>..] - ETA: 0s - loss: 0.0402 - acc: 0.9875
890/937 [===========================>..] - ETA: 0s - loss: 0.0404 - acc: 0.9874
894/937 [===========================>..] - ETA: 0s - loss: 0.0404 - acc: 0.9874
898/937 [===========================>..] - ETA: 0s - loss: 0.0404 - acc: 0.9874
902/937 [===========================>..] - ETA: 0s - loss: 0.0404 - acc: 0.9874
906/937 [============================>.] - ETA: 0s - loss: 0.0404 - acc: 0.9874
910/937 [============================>.] - ETA: 0s - loss: 0.0405 - acc: 0.9873
914/937 [============================>.] - ETA: 0s - loss: 0.0405 - acc: 0.9873
918/937 [============================>.] - ETA: 0s - loss: 0.0404 - acc: 0.9874
922/937 [============================>.] - ETA: 0s - loss: 0.0406 - acc: 0.9873
926/937 [============================>.] - ETA: 0s - loss: 0.0406 - acc: 0.9873
930/937 [============================>.] - ETA: 0s - loss: 0.0405 - acc: 0.9873
934/937 [============================>.] - ETA: 0s - loss: 0.0405 - acc: 0.9873
937/937 [==============================] - 14s 15ms/step - loss: 0.0405 - acc: 0.9874 - val_loss: 0.0149 - val_acc: 0.9955

   32/10000 [..............................] - ETA: 1s
  512/10000 [>.............................] - ETA: 1s
 1024/10000 [==>...........................] - ETA: 0s
 1536/10000 [===>..........................] - ETA: 0s
 2048/10000 [=====>........................] - ETA: 0s
 2592/10000 [======>.......................] - ETA: 0s
 3136/10000 [========>.....................] - ETA: 0s
 3648/10000 [=========>....................] - ETA: 0s
 4192/10000 [===========>..................] - ETA: 0s
 4736/10000 [=============>................] - ETA: 0s
 5280/10000 [==============>...............] - ETA: 0s
 5824/10000 [================>.............] - ETA: 0s
 6400/10000 [==================>...........] - ETA: 0s
 6976/10000 [===================>..........] - ETA: 0s
 7552/10000 [=====================>........] - ETA: 0s
 8128/10000 [=======================>......] - ETA: 0s
 8704/10000 [=========================>....] - ETA: 0s
 9248/10000 [==========================>...] - ETA: 0s
 9728/10000 [============================>.] - ETA: 0s
10000/10000 [==============================] - 1s 97us/step
/usr/lib64/python3.4/importlib/_bootstrap.py:321: FutureWarning: Conversion of the second argument of issubdtype from `float` to `np.floating` is deprecated. In future, it will be treated as `np.float64 == np.dtype(float).type`.
  return f(*args, **kwds)
Using TensorFlow backend.
[0.01483161095471005, 0.9955]
[0.01483161095471005, 0.9955]
